Copyright 1986-2021 Xilinx, Inc. All Rights Reserved.
------------------------------------------------------------------------------------
| Tool Version : Vivado v.2021.2 (win64) Build 3367213 Tue Oct 19 02:48:09 MDT 2021
| Date         : Tue Jun 14 21:51:59 2022
| Host         : DESKTOP-7Q8KQ0A running 64-bit major release  (build 9200)
| Command      : report_control_sets -verbose -file v1_control_sets_placed.rpt
| Design       : v1
| Device       : xc7a35t
------------------------------------------------------------------------------------

Control Set Information

Table of Contents
-----------------
1. Summary
2. Histogram
3. Flip-Flop Distribution
4. Detailed Control Set Information

1. Summary
----------

+----------------------------------------------------------+-------+
|                          Status                          | Count |
+----------------------------------------------------------+-------+
| Total control sets                                       |    44 |
|    Minimum number of control sets                        |    44 |
|    Addition due to synthesis replication                 |     0 |
|    Addition due to physical synthesis replication        |     0 |
| Unused register locations in slices containing registers |   170 |
+----------------------------------------------------------+-------+
* Control sets can be merged at opt_design using control_set_merge or merge_equivalent_drivers
** Run report_qor_suggestions for automated merging and remapping suggestions


2. Histogram
------------

+--------------------+-------+
|       Fanout       | Count |
+--------------------+-------+
| Total control sets |    44 |
| >= 0 to < 4        |     5 |
| >= 4 to < 6        |    10 |
| >= 6 to < 8        |     1 |
| >= 8 to < 10       |     3 |
| >= 10 to < 12      |     3 |
| >= 12 to < 14      |    10 |
| >= 14 to < 16      |     1 |
| >= 16              |    11 |
+--------------------+-------+
* Control sets can be remapped at either synth_design or opt_design


3. Flip-Flop Distribution
-------------------------

+--------------+-----------------------+------------------------+-----------------+--------------+
| Clock Enable | Synchronous Set/Reset | Asynchronous Set/Reset | Total Registers | Total Slices |
+--------------+-----------------------+------------------------+-----------------+--------------+
| No           | No                    | No                     |             105 |           51 |
| No           | No                    | Yes                    |               0 |            0 |
| No           | Yes                   | No                     |             153 |           44 |
| Yes          | No                    | No                     |             166 |           75 |
| Yes          | No                    | Yes                    |               0 |            0 |
| Yes          | Yes                   | No                     |             102 |           36 |
+--------------+-----------------------+------------------------+-----------------+--------------+


4. Detailed Control Set Information
-----------------------------------

+------------------------------+-------------------------------------------+----------------------------------+------------------+----------------+--------------+
|         Clock Signal         |               Enable Signal               |         Set/Reset Signal         | Slice Load Count | Bel Load Count | Bels / Slice |
+------------------------------+-------------------------------------------+----------------------------------+------------------+----------------+--------------+
|  clk_16x_BUFG                | a/rxd2                                    | sw_IBUF[0]                       |                1 |              1 |         1.00 |
|  clk_16x_BUFG                | a/data_out[7]_i_1_n_0                     |                                  |                1 |              1 |         1.00 |
|  clk_16x_BUFG                | b/data_out[7]_i_1__0_n_0                  |                                  |                1 |              1 |         1.00 |
|  clk_16x_BUFG                | b/rxd2                                    | sw_IBUF[0]                       |                1 |              1 |         1.00 |
|  clock/clk_1khz              |                                           |                                  |                2 |              2 |         1.00 |
|  clock/clk_1khz              |                                           | a/SR[0]                          |                2 |              4 |         2.00 |
|  clock/clk_1khz              |                                           | b/SR[0]                          |                1 |              4 |         4.00 |
|  clock/clk_8Hz_BUFG          | shell1/y_shell_pos_out[4]_i_2__0_n_0      | tank1_control/SR[0]              |                2 |              5 |         2.50 |
|  clock/clk_4Hz               | tank1_control/y_rel_pos_out[4]_i_1__0_n_0 |                                  |                2 |              5 |         2.50 |
|  clock/clk_4Hz               | tank1_control/x_rel_pos_out[4]_i_1__0_n_0 |                                  |                2 |              5 |         2.50 |
|  clock/clk_4Hz               | u_mytank_control/x_rel_pos_out[4]_i_1_n_0 |                                  |                2 |              5 |         2.50 |
|  clock/clk_4Hz               | u_mytank_control/y_rel_pos_out[4]_i_1_n_0 |                                  |                2 |              5 |         2.50 |
|  clock/clk_8Hz_BUFG          | shell1/x_shell_pos_out[4]_i_1__0_n_0      | tank1_control/SR[0]              |                2 |              5 |         2.50 |
|  clock/clk_8Hz_BUFG          | u_myshell/x_shell_pos_out[4]_i_1_n_0      | u_mytank_control/SR[0]           |                2 |              5 |         2.50 |
|  clock/clk_8Hz_BUFG          | u_myshell/y_shell_pos_out[4]_i_2_n_0      | u_mytank_control/SR[0]           |                2 |              5 |         2.50 |
|  clock/clk_4Hz               |                                           |                                  |                4 |              6 |         1.50 |
|  clk_16x_BUFG                | a/data_out1                               |                                  |                2 |              8 |         4.00 |
|  clk_IBUF_BUFG               |                                           |                                  |                8 |              8 |         1.00 |
|  clk_16x_BUFG                | b/data_out1                               |                                  |                2 |              8 |         4.00 |
|  A/inst/clk_out1             | u_driver_VGA/vcnt                         |                                  |                4 |             10 |         2.50 |
|  clk_16x_BUFG                |                                           | sw_IBUF[0]                       |                5 |             10 |         2.00 |
|  clock/clk_8Hz_BUFG          |                                           |                                  |                5 |             10 |         2.00 |
|  A/inst/clk_out1             | u_driver_VGA/tank_state_reg[0]            |                                  |                5 |             12 |         2.40 |
|  A/inst/clk_out1             | u_driver_VGA/tank_state_reg_0[0]          |                                  |                8 |             12 |         1.50 |
|  tank1_control/tank1_sht     |                                           |                                  |                3 |             12 |         4.00 |
|  u_mytank_control/mytank_sht |                                           |                                  |                5 |             12 |         2.40 |
|  A/inst/clk_out1             | u_mytank_control/mytank_state             | u_mytank_control/SS[0]           |                3 |             12 |         4.00 |
|  A/inst/clk_out1             |                                           | u_driver_VGA/SR[0]               |                3 |             12 |         4.00 |
|  A/inst/clk_out1             |                                           | u_driver_VGA/tank_state_reg_1[0] |                3 |             12 |         4.00 |
|  A/inst/clk_out1             | tank1_control/tank1_state                 | tank1_control/SS[0]              |                6 |             12 |         2.00 |
|  A/inst/clk_out1             | u_driver_VGA/en                           | u_driver_VGA/SS[0]               |                5 |             12 |         2.40 |
|  A/inst/clk_out1             | u_driver_VGA/en                           | u_driver_VGA/hcnt_reg[10]_4[0]   |                4 |             12 |         3.00 |
|  clk_16x_BUFG                |                                           |                                  |                5 |             14 |         2.80 |
|  clk_16x_BUFG                | b/clk_16x_cnt[15]_i_1__0_n_0              | sw_IBUF[0]                       |                4 |             16 |         4.00 |
|  clk_16x_BUFG                | a/clk_16x_cnt[15]_i_1_n_0                 | sw_IBUF[0]                       |                4 |             16 |         4.00 |
|  A/inst/clk_out1             | u_driver_VGA/E[0]                         |                                  |               11 |             22 |         2.00 |
|  A/inst/clk_out1             | u_driver_VGA/tank1_blood_reg[2][0]        |                                  |               10 |             22 |         2.20 |
|  clk_IBUF_BUFG               |                                           | clock/cnt[24]_i_1_n_0            |                7 |             25 |         3.57 |
|  A/inst/clk_out1             | u_mytank_control/E[0]                     |                                  |               12 |             25 |         2.08 |
|  A/inst/clk_out1             | tank1_control/E[0]                        |                                  |               11 |             25 |         2.27 |
|  clk_IBUF_BUFG               |                                           | clock/clear                      |                7 |             26 |         3.71 |
|  clk_IBUF_BUFG               |                                           | clock/clk_8Hz_i_1_n_0            |                8 |             29 |         3.62 |
|  clk_IBUF_BUFG               |                                           | clock/cnt2[31]_i_1_n_0           |                8 |             31 |         3.88 |
|  A/inst/clk_out1             |                                           |                                  |               19 |             41 |         2.16 |
+------------------------------+-------------------------------------------+----------------------------------+------------------+----------------+--------------+


