#-----------------------------------------------------------
# Vivado v2021.2 (64-bit)
# SW Build 3367213 on Tue Oct 19 02:48:09 MDT 2021
# IP Build 3369179 on Thu Oct 21 08:25:16 MDT 2021
# Start of session at: Thu May 12 11:27:14 2022
# Process ID: 8568
# Current directory: F:/10_Vivado/tank_war
# Command line: vivado.exe -gui_launcher_event rodinguilauncherevent29392 F:\10_Vivado\tank_war\p_vga.xpr
# Log file: F:/10_Vivado/tank_war/vivado.log
# Journal file: F:/10_Vivado/tank_war\vivado.jou
# Running On: DESKTOP-7Q8KQ0A, OS: Windows, CPU Frequency: 2592 MHz, CPU Physical cores: 6, Host memory: 17012 MB
#-----------------------------------------------------------
start_gui
open_project F:/10_Vivado/tank_war/p_vga.xpr
WARNING: [Board 49-26] cannot add Board Part xilinx.com:vck190_es:part0:1.3 available at E:/Xilinx/Vivado/2021.2/data/xhub/boards/XilinxBoardStore/boards/Xilinx/vck190/es/1.3/board.xml as part xcvc1902-vsva2197-2mp-e-s-es1 specified in board_part file is either invalid or not available
WARNING: [Board 49-26] cannot add Board Part xilinx.com:vmk180_es:part0:1.3 available at E:/Xilinx/Vivado/2021.2/data/xhub/boards/XilinxBoardStore/boards/Xilinx/vmk180/es/1.3/board.xml as part xcvm1802-vsva2197-2mp-e-s-es1 specified in board_part file is either invalid or not available
WARNING: [Board 49-26] cannot add Board Part xilinx.com:vpk120_es:part0:1.2 available at E:/Xilinx/Vivado/2021.2/data/xhub/boards/XilinxBoardStore/boards/Xilinx/vpk120/es/1.2/board.xml as part xcvp1202-vsva2785-2mp-e-s-es1 specified in board_part file is either invalid or not available
WARNING: [Board 49-26] cannot add Board Part xilinx.com:zcu208_es:part0:1.0 available at E:/Xilinx/Vivado/2021.2/data/xhub/boards/XilinxBoardStore/boards/Xilinx/zcu208/es/1.0/board.xml as part xczu48dr-fsvg1517-2-e-es1 specified in board_part file is either invalid or not available
WARNING: [Board 49-26] cannot add Board Part xilinx.com:zcu208_es:part0:1.1 available at E:/Xilinx/Vivado/2021.2/data/xhub/boards/XilinxBoardStore/boards/Xilinx/zcu208/es/1.1/board.xml as part xczu48dr-fsvg1517-2-e-es1 specified in board_part file is either invalid or not available
WARNING: [Board 49-26] cannot add Board Part xilinx.com:zcu208_es:part0:1.2 available at E:/Xilinx/Vivado/2021.2/data/xhub/boards/XilinxBoardStore/boards/Xilinx/zcu208/es/1.2/board.xml as part xczu48dr-fsvg1517-2-e-es1 specified in board_part file is either invalid or not available
WARNING: [Board 49-26] cannot add Board Part xilinx.com:zcu208ld:part0:2.0 available at E:/Xilinx/Vivado/2021.2/data/xhub/boards/XilinxBoardStore/boards/Xilinx/zcu208ld/production/2.0/board.xml as part xczu58dr-fsvg1517-2-i specified in board_part file is either invalid or not available
WARNING: [Board 49-26] cannot add Board Part xilinx.com:zcu208ld_es:part0:1.0 available at E:/Xilinx/Vivado/2021.2/data/xhub/boards/XilinxBoardStore/boards/Xilinx/zcu208ld/es/1.0/board.xml as part xczu58dr-fsvg1517-2-i-es1 specified in board_part file is either invalid or not available
WARNING: [Board 49-26] cannot add Board Part xilinx.com:zcu216_es:part0:1.0 available at E:/Xilinx/Vivado/2021.2/data/xhub/boards/XilinxBoardStore/boards/Xilinx/zcu216/es/1.0/board.xml as part xczu49dr-ffvf1760-2-e-es1 specified in board_part file is either invalid or not available
WARNING: [Board 49-26] cannot add Board Part xilinx.com:zcu216_es:part0:1.1 available at E:/Xilinx/Vivado/2021.2/data/xhub/boards/XilinxBoardStore/boards/Xilinx/zcu216/es/1.1/board.xml as part xczu49dr-ffvf1760-2-e-es1 specified in board_part file is either invalid or not available
WARNING: [Board 49-26] cannot add Board Part xilinx.com:zcu216_es:part0:1.2 available at E:/Xilinx/Vivado/2021.2/data/xhub/boards/XilinxBoardStore/boards/Xilinx/zcu216/es/1.2/board.xml as part xczu49dr-ffvf1760-2-e-es1 specified in board_part file is either invalid or not available
WARNING: [Board 49-26] cannot add Board Part xilinx.com:zcu216ld:part0:2.0 available at E:/Xilinx/Vivado/2021.2/data/xhub/boards/XilinxBoardStore/boards/Xilinx/zcu216ld/production/2.0/board.xml as part xczu59dr-ffvf1760-2-i specified in board_part file is either invalid or not available
WARNING: [Board 49-26] cannot add Board Part xilinx.com:zcu216ld_es:part0:1.0 available at E:/Xilinx/Vivado/2021.2/data/xhub/boards/XilinxBoardStore/boards/Xilinx/zcu216ld/es/1.0/board.xml as part xczu59dr-ffvf1760-2-i-es1 specified in board_part file is either invalid or not available
WARNING: [Board 49-26] cannot add Board Part xilinx.com:zcu670:part0:1.0 available at E:/Xilinx/Vivado/2021.2/data/xhub/boards/XilinxBoardStore/boards/Xilinx/zcu670/1.0/board.xml as part xczu67dr-fsve1156-2-i specified in board_part file is either invalid or not available
Scanning sources...
Finished scanning sources
INFO: [IP_Flow 19-234] Refreshing IP repositories
INFO: [IP_Flow 19-1704] No user IP repositories specified
INFO: [IP_Flow 19-2313] Loaded Vivado IP repository 'E:/Xilinx/Vivado/2021.2/data/ip'.
open_project: Time (s): cpu = 00:00:19 ; elapsed = 00:00:12 . Memory (MB): peak = 1782.695 ; gain = 0.000
update_compile_order -fileset sources_1
reset_run synth_2
INFO: [Project 1-1161] Replacing file F:/10_Vivado/p_vga_test/p_vga/p_vga.srcs/utils_1/imports/synth_2/v1.dcp with file F:/10_Vivado/tank_war/p_vga.runs/synth_2/v1.dcp
launch_runs impl_2 -to_step write_bitstream -jobs 12
[Thu May 12 12:03:50 2022] Launched synth_2...
Run output will be captured here: F:/10_Vivado/tank_war/p_vga.runs/synth_2/runme.log
[Thu May 12 12:03:50 2022] Launched impl_2...
Run output will be captured here: F:/10_Vivado/tank_war/p_vga.runs/impl_2/runme.log
open_hw_manager
connect_hw_server -allow_non_jtag
INFO: [Labtools 27-2285] Connecting to hw_server url TCP:localhost:3121
INFO: [Labtools 27-2222] Launching hw_server...
INFO: [Labtools 27-2221] Launch Output:

****** Xilinx hw_server v2021.2
  **** Build date : Oct 19 2021 at 03:13:30
    ** Copyright 1986-2021 Xilinx, Inc. All Rights Reserved.


INFO: [Labtools 27-3415] Connecting to cs_server url TCP:localhost:3042
INFO: [Labtools 27-3417] Launching cs_server...
INFO: [Labtools 27-2221] Launch Output:


******** Xilinx cs_server v2021.2.0
  ****** Build date   : Sep 28 2021-05:44:20
    **** Build number : 2021.2.1632779060
      ** Copyright 2017-2022 Xilinx, Inc. All Rights Reserved.



connect_hw_server: Time (s): cpu = 00:00:01 ; elapsed = 00:00:08 . Memory (MB): peak = 1782.695 ; gain = 0.000
open_hw_target
INFO: [Labtoolstcl 44-466] Opening hw_target localhost:3121/xilinx_tcf/Xilinx/C1234567A
open_hw_target: Time (s): cpu = 00:00:05 ; elapsed = 00:00:06 . Memory (MB): peak = 3063.535 ; gain = 1280.840
set_property PROGRAM.FILE {F:/10_Vivado/tank_war/p_vga.runs/impl_2/v1.bin} [get_hw_devices xc7a35t_0]
current_hw_device [get_hw_devices xc7a35t_0]
refresh_hw_device -update_hw_probes false [lindex [get_hw_devices xc7a35t_0] 0]
INFO: [Labtools 27-1434] Device xc7a35t (JTAG device index = 0) is programmed with a design that has no supported debug core(s) in it.
create_hw_cfgmem -hw_device [get_hw_devices xc7a35t_0] -mem_dev [lindex [get_cfgmem_parts {n25q32-3.3v-spi-x1_x2_x4}] 0]
set_property PROBES.FILE {} [get_hw_devices xc7a35t_0]
set_property FULL_PROBES.FILE {} [get_hw_devices xc7a35t_0]
set_property PROGRAM.FILE {F:/10_Vivado/tank_war/p_vga.runs/impl_2/v1.bit} [get_hw_devices xc7a35t_0]
program_hw_devices [get_hw_devices xc7a35t_0]
INFO: [Labtools 27-3164] End of startup status: HIGH
refresh_hw_device [lindex [get_hw_devices xc7a35t_0] 0]
INFO: [Labtools 27-1434] Device xc7a35t (JTAG device index = 0) is programmed with a design that has no supported debug core(s) in it.
reset_run synth_2
INFO: [Project 1-1161] Replacing file F:/10_Vivado/p_vga_test/p_vga/p_vga.srcs/utils_1/imports/synth_2/v1.dcp with file F:/10_Vivado/tank_war/p_vga.runs/synth_2/v1.dcp
launch_runs impl_2 -to_step write_bitstream -jobs 12
[Thu May 12 12:23:33 2022] Launched synth_2...
Run output will be captured here: F:/10_Vivado/tank_war/p_vga.runs/synth_2/runme.log
[Thu May 12 12:23:33 2022] Launched impl_2...
Run output will be captured here: F:/10_Vivado/tank_war/p_vga.runs/impl_2/runme.log
set_property PROBES.FILE {} [get_hw_devices xc7a35t_0]
set_property FULL_PROBES.FILE {} [get_hw_devices xc7a35t_0]
set_property PROGRAM.FILE {F:/10_Vivado/tank_war/p_vga.runs/impl_2/v1.bit} [get_hw_devices xc7a35t_0]
program_hw_devices [get_hw_devices xc7a35t_0]
INFO: [Labtools 27-3164] End of startup status: HIGH
refresh_hw_device [lindex [get_hw_devices xc7a35t_0] 0]
INFO: [Labtools 27-1434] Device xc7a35t (JTAG device index = 0) is programmed with a design that has no supported debug core(s) in it.
reset_run synth_2
INFO: [Project 1-1161] Replacing file F:/10_Vivado/p_vga_test/p_vga/p_vga.srcs/utils_1/imports/synth_2/v1.dcp with file F:/10_Vivado/tank_war/p_vga.runs/synth_2/v1.dcp
launch_runs impl_2 -to_step write_bitstream -jobs 12
[Thu May 12 12:28:59 2022] Launched synth_2...
Run output will be captured here: F:/10_Vivado/tank_war/p_vga.runs/synth_2/runme.log
[Thu May 12 12:29:00 2022] Launched impl_2...
Run output will be captured here: F:/10_Vivado/tank_war/p_vga.runs/impl_2/runme.log
set_property PROBES.FILE {} [get_hw_devices xc7a35t_0]
set_property FULL_PROBES.FILE {} [get_hw_devices xc7a35t_0]
set_property PROGRAM.FILE {F:/10_Vivado/tank_war/p_vga.runs/impl_2/v1.bit} [get_hw_devices xc7a35t_0]
program_hw_devices [get_hw_devices xc7a35t_0]
INFO: [Labtools 27-3164] End of startup status: HIGH
refresh_hw_device [lindex [get_hw_devices xc7a35t_0] 0]
INFO: [Labtools 27-1434] Device xc7a35t (JTAG device index = 0) is programmed with a design that has no supported debug core(s) in it.
set_property PROBES.FILE {} [get_hw_devices xc7a35t_0]
set_property FULL_PROBES.FILE {} [get_hw_devices xc7a35t_0]
set_property PROGRAM.FILE {F:/10_Vivado/tank_war/p_vga.runs/impl_2/v1.bit} [get_hw_devices xc7a35t_0]
program_hw_devices [get_hw_devices xc7a35t_0]
INFO: [Labtools 27-3164] End of startup status: HIGH
refresh_hw_device [lindex [get_hw_devices xc7a35t_0] 0]
INFO: [Labtools 27-1434] Device xc7a35t (JTAG device index = 0) is programmed with a design that has no supported debug core(s) in it.
reset_run impl_2 -prev_step 
launch_runs impl_2 -to_step write_bitstream -jobs 12
WARNING: [Vivado 12-872] Run step 'Design Initialization' is out-of-date.
[Thu May 12 12:45:43 2022] Launched impl_2...
Run output will be captured here: F:/10_Vivado/tank_war/p_vga.runs/impl_2/runme.log
reset_run synth_2
INFO: [Project 1-1161] Replacing file F:/10_Vivado/p_vga_test/p_vga/p_vga.srcs/utils_1/imports/synth_2/v1.dcp with file F:/10_Vivado/tank_war/p_vga.runs/synth_2/v1.dcp
launch_runs impl_2 -jobs 12
[Thu May 12 12:46:38 2022] Launched synth_2...
Run output will be captured here: F:/10_Vivado/tank_war/p_vga.runs/synth_2/runme.log
[Thu May 12 12:46:38 2022] Launched impl_2...
Run output will be captured here: F:/10_Vivado/tank_war/p_vga.runs/impl_2/runme.log
launch_runs impl_2 -to_step write_bitstream -jobs 12
[Thu May 12 12:49:21 2022] Launched impl_2...
Run output will be captured here: F:/10_Vivado/tank_war/p_vga.runs/impl_2/runme.log
set_property PROBES.FILE {} [get_hw_devices xc7a35t_0]
set_property FULL_PROBES.FILE {} [get_hw_devices xc7a35t_0]
set_property PROGRAM.FILE {F:/10_Vivado/tank_war/p_vga.runs/impl_2/v1.bit} [get_hw_devices xc7a35t_0]
program_hw_devices [get_hw_devices xc7a35t_0]
INFO: [Labtools 27-3164] End of startup status: HIGH
refresh_hw_device [lindex [get_hw_devices xc7a35t_0] 0]
INFO: [Labtools 27-1434] Device xc7a35t (JTAG device index = 0) is programmed with a design that has no supported debug core(s) in it.
reset_run impl_2 -prev_step 
launch_runs impl_2 -to_step write_bitstream -jobs 12
WARNING: [Vivado 12-872] Run step 'Design Initialization' is out-of-date.
[Thu May 12 12:53:03 2022] Launched impl_2...
Run output will be captured here: F:/10_Vivado/tank_war/p_vga.runs/impl_2/runme.log
reset_run synth_2
INFO: [Project 1-1161] Replacing file F:/10_Vivado/p_vga_test/p_vga/p_vga.srcs/utils_1/imports/synth_2/v1.dcp with file F:/10_Vivado/tank_war/p_vga.runs/synth_2/v1.dcp
launch_runs impl_2 -jobs 12
[Thu May 12 12:53:58 2022] Launched synth_2...
Run output will be captured here: F:/10_Vivado/tank_war/p_vga.runs/synth_2/runme.log
[Thu May 12 12:53:58 2022] Launched impl_2...
Run output will be captured here: F:/10_Vivado/tank_war/p_vga.runs/impl_2/runme.log
launch_runs impl_2 -to_step write_bitstream -jobs 12
[Thu May 12 12:56:41 2022] Launched impl_2...
Run output will be captured here: F:/10_Vivado/tank_war/p_vga.runs/impl_2/runme.log
set_property PROBES.FILE {} [get_hw_devices xc7a35t_0]
set_property FULL_PROBES.FILE {} [get_hw_devices xc7a35t_0]
set_property PROGRAM.FILE {F:/10_Vivado/tank_war/p_vga.runs/impl_2/v1.bit} [get_hw_devices xc7a35t_0]
program_hw_devices [get_hw_devices xc7a35t_0]
INFO: [Labtools 27-3164] End of startup status: HIGH
refresh_hw_device [lindex [get_hw_devices xc7a35t_0] 0]
INFO: [Labtools 27-1434] Device xc7a35t (JTAG device index = 0) is programmed with a design that has no supported debug core(s) in it.
reset_run synth_2
INFO: [Project 1-1161] Replacing file F:/10_Vivado/p_vga_test/p_vga/p_vga.srcs/utils_1/imports/synth_2/v1.dcp with file F:/10_Vivado/tank_war/p_vga.runs/synth_2/v1.dcp
launch_runs impl_2 -to_step write_bitstream -jobs 12
[Thu May 12 13:01:54 2022] Launched synth_2...
Run output will be captured here: F:/10_Vivado/tank_war/p_vga.runs/synth_2/runme.log
[Thu May 12 13:01:54 2022] Launched impl_2...
Run output will be captured here: F:/10_Vivado/tank_war/p_vga.runs/impl_2/runme.log
set_property PROBES.FILE {} [get_hw_devices xc7a35t_0]
set_property FULL_PROBES.FILE {} [get_hw_devices xc7a35t_0]
set_property PROGRAM.FILE {F:/10_Vivado/tank_war/p_vga.runs/impl_2/v1.bit} [get_hw_devices xc7a35t_0]
program_hw_devices [get_hw_devices xc7a35t_0]
INFO: [Labtools 27-3164] End of startup status: HIGH
refresh_hw_device [lindex [get_hw_devices xc7a35t_0] 0]
INFO: [Labtools 27-1434] Device xc7a35t (JTAG device index = 0) is programmed with a design that has no supported debug core(s) in it.
set_property PROGRAM.ADDRESS_RANGE  {use_file} [ get_property PROGRAM.HW_CFGMEM [lindex [get_hw_devices xc7a35t_0] 0]]
set_property PROGRAM.FILES [list "F:/10_Vivado/tank_war/p_vga.runs/impl_2/v1.bin" ] [ get_property PROGRAM.HW_CFGMEM [lindex [get_hw_devices xc7a35t_0] 0]]
set_property PROGRAM.PRM_FILE {} [ get_property PROGRAM.HW_CFGMEM [lindex [get_hw_devices xc7a35t_0] 0]]
set_property PROGRAM.UNUSED_PIN_TERMINATION {pull-none} [ get_property PROGRAM.HW_CFGMEM [lindex [get_hw_devices xc7a35t_0] 0]]
set_property PROGRAM.BLANK_CHECK  0 [ get_property PROGRAM.HW_CFGMEM [lindex [get_hw_devices xc7a35t_0] 0]]
set_property PROGRAM.ERASE  1 [ get_property PROGRAM.HW_CFGMEM [lindex [get_hw_devices xc7a35t_0] 0]]
set_property PROGRAM.CFG_PROGRAM  1 [ get_property PROGRAM.HW_CFGMEM [lindex [get_hw_devices xc7a35t_0] 0]]
set_property PROGRAM.VERIFY  1 [ get_property PROGRAM.HW_CFGMEM [lindex [get_hw_devices xc7a35t_0] 0]]
set_property PROGRAM.CHECKSUM  0 [ get_property PROGRAM.HW_CFGMEM [lindex [get_hw_devices xc7a35t_0] 0]]
startgroup 
create_hw_bitstream -hw_device [lindex [get_hw_devices xc7a35t_0] 0] [get_property PROGRAM.HW_CFGMEM_BITFILE [ lindex [get_hw_devices xc7a35t_0] 0]]; program_hw_devices [lindex [get_hw_devices xc7a35t_0] 0]; refresh_hw_device [lindex [get_hw_devices xc7a35t_0] 0];
INFO: [Labtools 27-3164] End of startup status: HIGH
INFO: [Labtools 27-2302] Device xc7a35t (JTAG device index = 0) is programmed with a design that has 1 SPI core(s).
program_hw_cfgmem -hw_cfgmem [ get_property PROGRAM.HW_CFGMEM [lindex [get_hw_devices xc7a35t_0] 0]]
Mfg ID : 20   Memory Type : ba   Memory Capacity : 16   Device ID 1 : 0   Device ID 2 : 0
Performing Erase Operation...
Erase Operation successful.
Performing Program and Verify Operations...
Program/Verify Operation successful.
INFO: [Labtoolstcl 44-377] Flash programming completed successfully
program_hw_cfgmem: Time (s): cpu = 00:00:01 ; elapsed = 00:01:11 . Memory (MB): peak = 3146.676 ; gain = 6.082
endgroup
reset_run synth_2
INFO: [Project 1-1161] Replacing file F:/10_Vivado/p_vga_test/p_vga/p_vga.srcs/utils_1/imports/synth_2/v1.dcp with file F:/10_Vivado/tank_war/p_vga.runs/synth_2/v1.dcp
launch_runs impl_2 -to_step write_bitstream -jobs 12
[Thu May 12 15:47:53 2022] Launched synth_2...
Run output will be captured here: F:/10_Vivado/tank_war/p_vga.runs/synth_2/runme.log
[Thu May 12 15:47:53 2022] Launched impl_2...
Run output will be captured here: F:/10_Vivado/tank_war/p_vga.runs/impl_2/runme.log
set_property PROBES.FILE {} [get_hw_devices xc7a35t_0]
set_property FULL_PROBES.FILE {} [get_hw_devices xc7a35t_0]
set_property PROGRAM.FILE {F:/10_Vivado/tank_war/p_vga.runs/impl_2/v1.bit} [get_hw_devices xc7a35t_0]
program_hw_devices [get_hw_devices xc7a35t_0]
INFO: [Labtools 27-3164] End of startup status: HIGH
refresh_hw_device [lindex [get_hw_devices xc7a35t_0] 0]
INFO: [Labtools 27-1434] Device xc7a35t (JTAG device index = 0) is programmed with a design that has no supported debug core(s) in it.
reset_run synth_2
INFO: [Project 1-1161] Replacing file F:/10_Vivado/p_vga_test/p_vga/p_vga.srcs/utils_1/imports/synth_2/v1.dcp with file F:/10_Vivado/tank_war/p_vga.runs/synth_2/v1.dcp
launch_runs impl_2 -to_step write_bitstream -jobs 12
[Thu May 12 15:56:31 2022] Launched synth_2...
Run output will be captured here: F:/10_Vivado/tank_war/p_vga.runs/synth_2/runme.log
[Thu May 12 15:56:31 2022] Launched impl_2...
Run output will be captured here: F:/10_Vivado/tank_war/p_vga.runs/impl_2/runme.log
reset_run synth_2
launch_runs impl_2 -to_step write_bitstream -jobs 12
[Thu May 12 15:58:26 2022] Launched synth_2...
Run output will be captured here: F:/10_Vivado/tank_war/p_vga.runs/synth_2/runme.log
[Thu May 12 15:58:26 2022] Launched impl_2...
Run output will be captured here: F:/10_Vivado/tank_war/p_vga.runs/impl_2/runme.log
reset_run synth_2
launch_runs impl_2 -to_step write_bitstream -jobs 12
[Thu May 12 16:00:12 2022] Launched synth_2...
Run output will be captured here: F:/10_Vivado/tank_war/p_vga.runs/synth_2/runme.log
[Thu May 12 16:00:12 2022] Launched impl_2...
Run output will be captured here: F:/10_Vivado/tank_war/p_vga.runs/impl_2/runme.log
reset_run synth_2
launch_runs impl_2 -to_step write_bitstream -jobs 12
[Thu May 12 16:02:41 2022] Launched synth_2...
Run output will be captured here: F:/10_Vivado/tank_war/p_vga.runs/synth_2/runme.log
[Thu May 12 16:02:41 2022] Launched impl_2...
Run output will be captured here: F:/10_Vivado/tank_war/p_vga.runs/impl_2/runme.log
reset_run synth_2
launch_runs impl_2 -to_step write_bitstream -jobs 12
[Thu May 12 16:03:32 2022] Launched synth_2...
Run output will be captured here: F:/10_Vivado/tank_war/p_vga.runs/synth_2/runme.log
[Thu May 12 16:03:32 2022] Launched impl_2...
Run output will be captured here: F:/10_Vivado/tank_war/p_vga.runs/impl_2/runme.log
reset_run synth_2
launch_runs impl_2 -to_step write_bitstream -jobs 12
[Thu May 12 16:05:33 2022] Launched synth_2...
Run output will be captured here: F:/10_Vivado/tank_war/p_vga.runs/synth_2/runme.log
[Thu May 12 16:05:33 2022] Launched impl_2...
Run output will be captured here: F:/10_Vivado/tank_war/p_vga.runs/impl_2/runme.log
close [ open F:/10_Vivado/tank_war/p_vga.srcs/sources_1/new/tank_control.v w ]
add_files F:/10_Vivado/tank_war/p_vga.srcs/sources_1/new/tank_control.v
update_compile_order -fileset sources_1
export_ip_user_files -of_objects  [get_files F:/10_Vivado/tank_war/p_vga.srcs/sources_1/new/mytank_superdis.v] -no_script -reset -force -quiet
remove_files  F:/10_Vivado/tank_war/p_vga.srcs/sources_1/new/mytank_superdis.v
file delete -force F:/10_Vivado/tank_war/p_vga.srcs/sources_1/new/mytank_superdis.v
remove_files  F:/10_Vivado/tank_war/p_vga.srcs/sources_1/new/mytank_superdis.v
WARNING: [Vivado 12-818] No files matched 'F:/10_Vivado/tank_war/p_vga.srcs/sources_1/new/mytank_superdis.v'
set_property PROBES.FILE {} [get_hw_devices xc7a35t_0]
set_property FULL_PROBES.FILE {} [get_hw_devices xc7a35t_0]
set_property PROGRAM.FILE {F:/10_Vivado/tank_war/p_vga.runs/impl_2/v1.bit} [get_hw_devices xc7a35t_0]
program_hw_devices [get_hw_devices xc7a35t_0]
INFO: [Labtools 27-3164] End of startup status: HIGH
refresh_hw_device [lindex [get_hw_devices xc7a35t_0] 0]
INFO: [Labtools 27-1434] Device xc7a35t (JTAG device index = 0) is programmed with a design that has no supported debug core(s) in it.
update_compile_order -fileset sources_1
reset_run synth_2
INFO: [Project 1-1161] Replacing file F:/10_Vivado/p_vga_test/p_vga/p_vga.srcs/utils_1/imports/synth_2/v1.dcp with file F:/10_Vivado/tank_war/p_vga.runs/synth_2/v1.dcp
launch_runs impl_2 -to_step write_bitstream -jobs 12
[Thu May 12 16:08:31 2022] Launched synth_2...
Run output will be captured here: F:/10_Vivado/tank_war/p_vga.runs/synth_2/runme.log
[Thu May 12 16:08:31 2022] Launched impl_2...
Run output will be captured here: F:/10_Vivado/tank_war/p_vga.runs/impl_2/runme.log
set_property PROBES.FILE {} [get_hw_devices xc7a35t_0]
set_property FULL_PROBES.FILE {} [get_hw_devices xc7a35t_0]
set_property PROGRAM.FILE {F:/10_Vivado/tank_war/p_vga.runs/impl_2/v1.bit} [get_hw_devices xc7a35t_0]
program_hw_devices [get_hw_devices xc7a35t_0]
INFO: [Labtools 27-3164] End of startup status: HIGH
refresh_hw_device [lindex [get_hw_devices xc7a35t_0] 0]
INFO: [Labtools 27-1434] Device xc7a35t (JTAG device index = 0) is programmed with a design that has no supported debug core(s) in it.
set_property PROBES.FILE {} [get_hw_devices xc7a35t_0]
set_property FULL_PROBES.FILE {} [get_hw_devices xc7a35t_0]
set_property PROGRAM.FILE {F:/10_Vivado/tank_war/p_vga.runs/impl_2/v1.bit} [get_hw_devices xc7a35t_0]
program_hw_devices [get_hw_devices xc7a35t_0]
INFO: [Labtools 27-3164] End of startup status: HIGH
refresh_hw_device [lindex [get_hw_devices xc7a35t_0] 0]
INFO: [Labtools 27-1434] Device xc7a35t (JTAG device index = 0) is programmed with a design that has no supported debug core(s) in it.
set_property PROBES.FILE {} [get_hw_devices xc7a35t_0]
set_property FULL_PROBES.FILE {} [get_hw_devices xc7a35t_0]
set_property PROGRAM.FILE {F:/10_Vivado/tank_war/p_vga.runs/impl_2/v1.bit} [get_hw_devices xc7a35t_0]
program_hw_devices [get_hw_devices xc7a35t_0]
INFO: [Labtools 27-3164] End of startup status: HIGH
refresh_hw_device [lindex [get_hw_devices xc7a35t_0] 0]
INFO: [Labtools 27-1434] Device xc7a35t (JTAG device index = 0) is programmed with a design that has no supported debug core(s) in it.
set_property PROGRAM.ADDRESS_RANGE  {use_file} [ get_property PROGRAM.HW_CFGMEM [lindex [get_hw_devices xc7a35t_0] 0]]
set_property PROGRAM.FILES [list "F:/10_Vivado/tank_war/p_vga.runs/impl_2/v1.bin" ] [ get_property PROGRAM.HW_CFGMEM [lindex [get_hw_devices xc7a35t_0] 0]]
set_property PROGRAM.PRM_FILE {} [ get_property PROGRAM.HW_CFGMEM [lindex [get_hw_devices xc7a35t_0] 0]]
set_property PROGRAM.UNUSED_PIN_TERMINATION {pull-none} [ get_property PROGRAM.HW_CFGMEM [lindex [get_hw_devices xc7a35t_0] 0]]
set_property PROGRAM.BLANK_CHECK  0 [ get_property PROGRAM.HW_CFGMEM [lindex [get_hw_devices xc7a35t_0] 0]]
set_property PROGRAM.ERASE  1 [ get_property PROGRAM.HW_CFGMEM [lindex [get_hw_devices xc7a35t_0] 0]]
set_property PROGRAM.CFG_PROGRAM  1 [ get_property PROGRAM.HW_CFGMEM [lindex [get_hw_devices xc7a35t_0] 0]]
set_property PROGRAM.VERIFY  1 [ get_property PROGRAM.HW_CFGMEM [lindex [get_hw_devices xc7a35t_0] 0]]
set_property PROGRAM.CHECKSUM  0 [ get_property PROGRAM.HW_CFGMEM [lindex [get_hw_devices xc7a35t_0] 0]]
startgroup 
create_hw_bitstream -hw_device [lindex [get_hw_devices xc7a35t_0] 0] [get_property PROGRAM.HW_CFGMEM_BITFILE [ lindex [get_hw_devices xc7a35t_0] 0]]; program_hw_devices [lindex [get_hw_devices xc7a35t_0] 0]; refresh_hw_device [lindex [get_hw_devices xc7a35t_0] 0];
INFO: [Labtools 27-3164] End of startup status: HIGH
INFO: [Labtools 27-2302] Device xc7a35t (JTAG device index = 0) is programmed with a design that has 1 SPI core(s).
program_hw_cfgmem -hw_cfgmem [ get_property PROGRAM.HW_CFGMEM [lindex [get_hw_devices xc7a35t_0] 0]]
Mfg ID : 20   Memory Type : ba   Memory Capacity : 16   Device ID 1 : 0   Device ID 2 : 0
Performing Erase Operation...
Erase Operation successful.
Performing Program and Verify Operations...
Program/Verify Operation successful.
INFO: [Labtoolstcl 44-377] Flash programming completed successfully
program_hw_cfgmem: Time (s): cpu = 00:00:01 ; elapsed = 00:01:11 . Memory (MB): peak = 3159.859 ; gain = 1.027
endgroup
reset_run synth_2
INFO: [Project 1-1161] Replacing file F:/10_Vivado/p_vga_test/p_vga/p_vga.srcs/utils_1/imports/synth_2/v1.dcp with file F:/10_Vivado/tank_war/p_vga.runs/synth_2/v1.dcp
launch_runs impl_2 -to_step write_bitstream -jobs 12
[Thu May 12 16:15:43 2022] Launched synth_2...
Run output will be captured here: F:/10_Vivado/tank_war/p_vga.runs/synth_2/runme.log
[Thu May 12 16:15:43 2022] Launched impl_2...
Run output will be captured here: F:/10_Vivado/tank_war/p_vga.runs/impl_2/runme.log
set_property PROBES.FILE {} [get_hw_devices xc7a35t_0]
set_property FULL_PROBES.FILE {} [get_hw_devices xc7a35t_0]
set_property PROGRAM.FILE {F:/10_Vivado/tank_war/p_vga.runs/impl_2/v1.bit} [get_hw_devices xc7a35t_0]
program_hw_devices [get_hw_devices xc7a35t_0]
INFO: [Labtools 27-3164] End of startup status: HIGH
refresh_hw_device [lindex [get_hw_devices xc7a35t_0] 0]
INFO: [Labtools 27-1434] Device xc7a35t (JTAG device index = 0) is programmed with a design that has no supported debug core(s) in it.
reset_run synth_2
INFO: [Project 1-1161] Replacing file F:/10_Vivado/p_vga_test/p_vga/p_vga.srcs/utils_1/imports/synth_2/v1.dcp with file F:/10_Vivado/tank_war/p_vga.runs/synth_2/v1.dcp
launch_runs impl_2 -to_step write_bitstream -jobs 12
[Thu May 12 16:19:14 2022] Launched synth_2...
Run output will be captured here: F:/10_Vivado/tank_war/p_vga.runs/synth_2/runme.log
[Thu May 12 16:19:14 2022] Launched impl_2...
Run output will be captured here: F:/10_Vivado/tank_war/p_vga.runs/impl_2/runme.log
set_property PROBES.FILE {} [get_hw_devices xc7a35t_0]
set_property FULL_PROBES.FILE {} [get_hw_devices xc7a35t_0]
set_property PROGRAM.FILE {F:/10_Vivado/tank_war/p_vga.runs/impl_2/v1.bit} [get_hw_devices xc7a35t_0]
program_hw_devices [get_hw_devices xc7a35t_0]
INFO: [Labtools 27-3164] End of startup status: HIGH
refresh_hw_device [lindex [get_hw_devices xc7a35t_0] 0]
INFO: [Labtools 27-1434] Device xc7a35t (JTAG device index = 0) is programmed with a design that has no supported debug core(s) in it.
set_property PROGRAM.ADDRESS_RANGE  {use_file} [ get_property PROGRAM.HW_CFGMEM [lindex [get_hw_devices xc7a35t_0] 0]]
set_property PROGRAM.FILES [list "F:/10_Vivado/tank_war/p_vga.runs/impl_2/v1.bin" ] [ get_property PROGRAM.HW_CFGMEM [lindex [get_hw_devices xc7a35t_0] 0]]
set_property PROGRAM.PRM_FILE {} [ get_property PROGRAM.HW_CFGMEM [lindex [get_hw_devices xc7a35t_0] 0]]
set_property PROGRAM.UNUSED_PIN_TERMINATION {pull-none} [ get_property PROGRAM.HW_CFGMEM [lindex [get_hw_devices xc7a35t_0] 0]]
set_property PROGRAM.BLANK_CHECK  0 [ get_property PROGRAM.HW_CFGMEM [lindex [get_hw_devices xc7a35t_0] 0]]
set_property PROGRAM.ERASE  1 [ get_property PROGRAM.HW_CFGMEM [lindex [get_hw_devices xc7a35t_0] 0]]
set_property PROGRAM.CFG_PROGRAM  1 [ get_property PROGRAM.HW_CFGMEM [lindex [get_hw_devices xc7a35t_0] 0]]
set_property PROGRAM.VERIFY  1 [ get_property PROGRAM.HW_CFGMEM [lindex [get_hw_devices xc7a35t_0] 0]]
set_property PROGRAM.CHECKSUM  0 [ get_property PROGRAM.HW_CFGMEM [lindex [get_hw_devices xc7a35t_0] 0]]
startgroup 
create_hw_bitstream -hw_device [lindex [get_hw_devices xc7a35t_0] 0] [get_property PROGRAM.HW_CFGMEM_BITFILE [ lindex [get_hw_devices xc7a35t_0] 0]]; program_hw_devices [lindex [get_hw_devices xc7a35t_0] 0]; refresh_hw_device [lindex [get_hw_devices xc7a35t_0] 0];
INFO: [Labtools 27-3164] End of startup status: HIGH
INFO: [Labtools 27-2302] Device xc7a35t (JTAG device index = 0) is programmed with a design that has 1 SPI core(s).
program_hw_cfgmem -hw_cfgmem [ get_property PROGRAM.HW_CFGMEM [lindex [get_hw_devices xc7a35t_0] 0]]
Mfg ID : 20   Memory Type : ba   Memory Capacity : 16   Device ID 1 : 0   Device ID 2 : 0
Performing Erase Operation...
Erase Operation successful.
Performing Program and Verify Operations...
Program/Verify Operation failed.
cannot set write enable bit or block(s) protected
ERROR: [Labtools 27-3347] Flash Programming Unsuccessful: cannot set write enable bit or block(s) protected
program_hw_cfgmem: Time (s): cpu = 00:00:02 ; elapsed = 00:01:07 . Memory (MB): peak = 3161.312 ; gain = 1.453
ERROR: [Common 17-39] 'program_hw_cfgmem' failed due to earlier errors.
ERROR: [Labtoolstcl 44-513] HW Target shutdown. Closing target: localhost:3121/xilinx_tcf/Xilinx/C1234567A
INFO: [Labtoolstcl 44-466] Opening hw_target localhost:3121/xilinx_tcf/Xilinx/C1234567A
INFO: [Labtools 27-1435] Device xc7a35t (JTAG device index = 0) is not programmed (DONE status = 0).
WARNING: [Labtoolstcl 44-129] No matching hw_ila_data was found.
set_property PROBES.FILE {} [get_hw_devices xc7a35t_0]
set_property FULL_PROBES.FILE {} [get_hw_devices xc7a35t_0]
set_property PROGRAM.FILE {F:/10_Vivado/tank_war/p_vga.runs/impl_2/v1.bit} [get_hw_devices xc7a35t_0]
program_hw_devices [get_hw_devices xc7a35t_0]
INFO: [Labtools 27-3164] End of startup status: HIGH
refresh_hw_device [lindex [get_hw_devices xc7a35t_0] 0]
INFO: [Labtools 27-1434] Device xc7a35t (JTAG device index = 0) is programmed with a design that has no supported debug core(s) in it.
set_property PROGRAM.ADDRESS_RANGE  {use_file} [ get_property PROGRAM.HW_CFGMEM [lindex [get_hw_devices xc7a35t_0] 0]]
set_property PROGRAM.FILES [list "F:/10_Vivado/tank_war/p_vga.runs/impl_2/v1.bin" ] [ get_property PROGRAM.HW_CFGMEM [lindex [get_hw_devices xc7a35t_0] 0]]
set_property PROGRAM.PRM_FILE {} [ get_property PROGRAM.HW_CFGMEM [lindex [get_hw_devices xc7a35t_0] 0]]
set_property PROGRAM.UNUSED_PIN_TERMINATION {pull-none} [ get_property PROGRAM.HW_CFGMEM [lindex [get_hw_devices xc7a35t_0] 0]]
set_property PROGRAM.BLANK_CHECK  0 [ get_property PROGRAM.HW_CFGMEM [lindex [get_hw_devices xc7a35t_0] 0]]
set_property PROGRAM.ERASE  1 [ get_property PROGRAM.HW_CFGMEM [lindex [get_hw_devices xc7a35t_0] 0]]
set_property PROGRAM.CFG_PROGRAM  1 [ get_property PROGRAM.HW_CFGMEM [lindex [get_hw_devices xc7a35t_0] 0]]
set_property PROGRAM.VERIFY  1 [ get_property PROGRAM.HW_CFGMEM [lindex [get_hw_devices xc7a35t_0] 0]]
set_property PROGRAM.CHECKSUM  0 [ get_property PROGRAM.HW_CFGMEM [lindex [get_hw_devices xc7a35t_0] 0]]
startgroup 
create_hw_bitstream -hw_device [lindex [get_hw_devices xc7a35t_0] 0] [get_property PROGRAM.HW_CFGMEM_BITFILE [ lindex [get_hw_devices xc7a35t_0] 0]]; program_hw_devices [lindex [get_hw_devices xc7a35t_0] 0]; refresh_hw_device [lindex [get_hw_devices xc7a35t_0] 0];
INFO: [Labtools 27-3164] End of startup status: HIGH
INFO: [Labtools 27-2302] Device xc7a35t (JTAG device index = 0) is programmed with a design that has 1 SPI core(s).
program_hw_cfgmem -hw_cfgmem [ get_property PROGRAM.HW_CFGMEM [lindex [get_hw_devices xc7a35t_0] 0]]
Mfg ID : 20   Memory Type : ba   Memory Capacity : 16   Device ID 1 : 0   Device ID 2 : 0
Performing Erase Operation...
Erase Operation successful.
Performing Program and Verify Operations...
Program/Verify Operation successful.
INFO: [Labtoolstcl 44-377] Flash programming completed successfully
program_hw_cfgmem: Time (s): cpu = 00:00:02 ; elapsed = 00:01:11 . Memory (MB): peak = 3161.656 ; gain = 0.344
endgroup
exit
INFO: [Common 17-206] Exiting Vivado at Thu May 12 17:01:06 2022...
