#-----------------------------------------------------------
# Vivado v2021.2 (64-bit)
# SW Build 3367213 on Tue Oct 19 02:48:09 MDT 2021
# IP Build 3369179 on Thu Oct 21 08:25:16 MDT 2021
# Start of session at: Wed May 18 19:41:27 2022
# Process ID: 11596
# Current directory: F:/10_Vivado/tank_war
# Command line: vivado.exe -gui_launcher_event rodinguilauncherevent23072 F:\10_Vivado\tank_war\p_vga.xpr
# Log file: F:/10_Vivado/tank_war/vivado.log
# Journal file: F:/10_Vivado/tank_war\vivado.jou
# Running On: DESKTOP-7Q8KQ0A, OS: Windows, CPU Frequency: 2592 MHz, CPU Physical cores: 6, Host memory: 17012 MB
#-----------------------------------------------------------
start_gui
open_project F:/10_Vivado/tank_war/p_vga.xpr
WARNING: [Board 49-26] cannot add Board Part xilinx.com:vck190_es:part0:1.3 available at E:/Xilinx/Vivado/2021.2/data/xhub/boards/XilinxBoardStore/boards/Xilinx/vck190/es/1.3/board.xml as part xcvc1902-vsva2197-2mp-e-s-es1 specified in board_part file is either invalid or not available
WARNING: [Board 49-26] cannot add Board Part xilinx.com:vmk180_es:part0:1.3 available at E:/Xilinx/Vivado/2021.2/data/xhub/boards/XilinxBoardStore/boards/Xilinx/vmk180/es/1.3/board.xml as part xcvm1802-vsva2197-2mp-e-s-es1 specified in board_part file is either invalid or not available
WARNING: [Board 49-26] cannot add Board Part xilinx.com:vpk120_es:part0:1.2 available at E:/Xilinx/Vivado/2021.2/data/xhub/boards/XilinxBoardStore/boards/Xilinx/vpk120/es/1.2/board.xml as part xcvp1202-vsva2785-2mp-e-s-es1 specified in board_part file is either invalid or not available
WARNING: [Board 49-26] cannot add Board Part xilinx.com:zcu208_es:part0:1.0 available at E:/Xilinx/Vivado/2021.2/data/xhub/boards/XilinxBoardStore/boards/Xilinx/zcu208/es/1.0/board.xml as part xczu48dr-fsvg1517-2-e-es1 specified in board_part file is either invalid or not available
WARNING: [Board 49-26] cannot add Board Part xilinx.com:zcu208_es:part0:1.1 available at E:/Xilinx/Vivado/2021.2/data/xhub/boards/XilinxBoardStore/boards/Xilinx/zcu208/es/1.1/board.xml as part xczu48dr-fsvg1517-2-e-es1 specified in board_part file is either invalid or not available
WARNING: [Board 49-26] cannot add Board Part xilinx.com:zcu208_es:part0:1.2 available at E:/Xilinx/Vivado/2021.2/data/xhub/boards/XilinxBoardStore/boards/Xilinx/zcu208/es/1.2/board.xml as part xczu48dr-fsvg1517-2-e-es1 specified in board_part file is either invalid or not available
WARNING: [Board 49-26] cannot add Board Part xilinx.com:zcu208ld:part0:2.0 available at E:/Xilinx/Vivado/2021.2/data/xhub/boards/XilinxBoardStore/boards/Xilinx/zcu208ld/production/2.0/board.xml as part xczu58dr-fsvg1517-2-i specified in board_part file is either invalid or not available
WARNING: [Board 49-26] cannot add Board Part xilinx.com:zcu208ld_es:part0:1.0 available at E:/Xilinx/Vivado/2021.2/data/xhub/boards/XilinxBoardStore/boards/Xilinx/zcu208ld/es/1.0/board.xml as part xczu58dr-fsvg1517-2-i-es1 specified in board_part file is either invalid or not available
WARNING: [Board 49-26] cannot add Board Part xilinx.com:zcu216_es:part0:1.0 available at E:/Xilinx/Vivado/2021.2/data/xhub/boards/XilinxBoardStore/boards/Xilinx/zcu216/es/1.0/board.xml as part xczu49dr-ffvf1760-2-e-es1 specified in board_part file is either invalid or not available
WARNING: [Board 49-26] cannot add Board Part xilinx.com:zcu216_es:part0:1.1 available at E:/Xilinx/Vivado/2021.2/data/xhub/boards/XilinxBoardStore/boards/Xilinx/zcu216/es/1.1/board.xml as part xczu49dr-ffvf1760-2-e-es1 specified in board_part file is either invalid or not available
WARNING: [Board 49-26] cannot add Board Part xilinx.com:zcu216_es:part0:1.2 available at E:/Xilinx/Vivado/2021.2/data/xhub/boards/XilinxBoardStore/boards/Xilinx/zcu216/es/1.2/board.xml as part xczu49dr-ffvf1760-2-e-es1 specified in board_part file is either invalid or not available
WARNING: [Board 49-26] cannot add Board Part xilinx.com:zcu216ld:part0:2.0 available at E:/Xilinx/Vivado/2021.2/data/xhub/boards/XilinxBoardStore/boards/Xilinx/zcu216ld/production/2.0/board.xml as part xczu59dr-ffvf1760-2-i specified in board_part file is either invalid or not available
WARNING: [Board 49-26] cannot add Board Part xilinx.com:zcu216ld_es:part0:1.0 available at E:/Xilinx/Vivado/2021.2/data/xhub/boards/XilinxBoardStore/boards/Xilinx/zcu216ld/es/1.0/board.xml as part xczu59dr-ffvf1760-2-i-es1 specified in board_part file is either invalid or not available
WARNING: [Board 49-26] cannot add Board Part xilinx.com:zcu670:part0:1.0 available at E:/Xilinx/Vivado/2021.2/data/xhub/boards/XilinxBoardStore/boards/Xilinx/zcu670/1.0/board.xml as part xczu67dr-fsve1156-2-i specified in board_part file is either invalid or not available
Scanning sources...
Finished scanning sources
INFO: [IP_Flow 19-234] Refreshing IP repositories
INFO: [IP_Flow 19-1704] No user IP repositories specified
INFO: [IP_Flow 19-2313] Loaded Vivado IP repository 'E:/Xilinx/Vivado/2021.2/data/ip'.
open_project: Time (s): cpu = 00:00:23 ; elapsed = 00:00:09 . Memory (MB): peak = 1413.078 ; gain = 0.000
update_compile_order -fileset sources_1WARNING: [Common 17-9] Error reading message records.
WARNING: [Common 17-9] Error reading message records.
exit
host:3121
INFO: [Labtools 27-2222] Launching hw_server...
INFO: [Labtools 27-2221] Launch Output:

****** Xilinx hw_server v2021.2
  **** Build date : Oct 19 2021 at 03:13:30
    ** Copyright 1986-2021 Xilinx, Inc. All Rights Reserved.


INFO: [Labtools 27-3415] Connecting to cs_server url TCP:localhost:3042
INFO: [Labtools 27-3417] Launching cs_server...
INFO: [Labtools 27-2221] Launch Output:


******** Xilinx cs_server v2021.2.0
  ****** Build date   : Sep 28 2021-05:44:20
    **** Build number : 2021.2.1632779060
      ** Copyright 2017-2022 Xilinx, Inc. All Rights Reserved.



connect_hw_server: Time (s): cpu = 00:00:03 ; elapsed = 00:00:13 . Memory (MB): peak = 1413.078 ; gain = 0.000
open_hw_target
INFO: [Labtoolstcl 44-466] Opening hw_target localhost:3121/xilinx_tcf/Xilinx/C1234567A
open_hw_target: Time (s): cpu = 00:00:08 ; elapsed = 00:00:08 . Memory (MB): peak = 3048.727 ; gain = 1635.648
set_property PROGRAM.FILE {F:/10_Vivado/tank_war/p_vga.runs/impl_2/v1.bin} [get_hw_devices xc7a35t_0]
current_hw_device [get_hw_devices xc7a35t_0]
refresh_hw_device -update_hw_probes false [lindex [get_hw_devices xc7a35t_0] 0]
INFO: [Labtools 27-1434] Device xc7a35t (JTAG device index = 0) is programmed with a design that has no supported debug core(s) in it.
create_hw_cfgmem -hw_device [get_hw_devices xc7a35t_0] -mem_dev [lindex [get_cfgmem_parts {n25q32-3.3v-spi-x1_x2_x4}] 0]
set_property PROBES.FILE {} [get_hw_devices xc7a35t_0]
set_property FULL_PROBES.FILE {} [get_hw_devices xc7a35t_0]
set_property PROGRAM.FILE {F:/10_Vivado/tank_war/p_vga.runs/impl_2/v1.bit} [get_hw_devices xc7a35t_0]
program_hw_devices [get_hw_devices xc7a35t_0]
INFO: [Labtools 27-3164] End of startup status: HIGH
refresh_hw_device [lindex [get_hw_devices xc7a35t_0] 0]
INFO: [Labtools 27-1434] Device xc7a35t (JTAG device index = 0) is programmed with a design that has no supported debug core(s) in it.
reset_run synth_2
INFO: [Project 1-1161] Replacing file F:/10_Vivado/p_vga_test/p_vga/p_vga.srcs/utils_1/imports/synth_2/v1.dcp with file F:/10_Vivado/tank_war/p_vga.runs/synth_2/v1.dcp
WARNING: [Vivado 12-1017] Problems encountered:
1. Failed to delete one or more files in run directory F:/10_Vivado/tank_war/p_vga.runs/synth_2

launch_runs impl_2 -to_step write_bitstream -jobs 12
[Wed May 18 19:47:40 2022] Launched synth_2...
Run output will be captured here: F:/10_Vivado/tank_war/p_vga.runs/synth_2/runme.log
[Wed May 18 19:47:40 2022] Launched impl_2...
Run output will be captured here: F:/10_Vivado/tank_war/p_vga.runs/impl_2/runme.log
set_property PROBES.FILE {} [get_hw_devices xc7a35t_0]
set_property FULL_PROBES.FILE {} [get_hw_devices xc7a35t_0]
set_property PROGRAM.FILE {F:/10_Vivado/tank_war/p_vga.runs/impl_2/v1.bit} [get_hw_devices xc7a35t_0]
program_hw_devices [get_hw_devices xc7a35t_0]
INFO: [Labtools 27-3164] End of startup status: HIGH
refresh_hw_device [lindex [get_hw_devices xc7a35t_0] 0]
INFO: [Labtools 27-1434] Device xc7a35t (JTAG device index = 0) is programmed with a design that has no supported debug core(s) in it.
reset_run synth_2
INFO: [Project 1-1161] Replacing file F:/10_Vivado/p_vga_test/p_vga/p_vga.srcs/utils_1/imports/synth_2/v1.dcp with file F:/10_Vivado/tank_war/p_vga.runs/synth_2/v1.dcp
WARNING: [Vivado 12-1017] Problems encountered:
1. Failed to delete one or more files in run directory F:/10_Vivado/tank_war/p_vga.runs/synth_2

launch_runs impl_2 -to_step write_bitstream -jobs 12
[Wed May 18 19:55:33 2022] Launched synth_2...
Run output will be captured here: F:/10_Vivado/tank_war/p_vga.runs/synth_2/runme.log
[Wed May 18 19:55:33 2022] Launched impl_2...
Run output will be captured here: F:/10_Vivado/tank_war/p_vga.runs/impl_2/runme.log
reset_run synth_2
WARNING: [Vivado 12-1017] Problems encountered:
1. Failed to delete one or more files in run directory F:/10_Vivado/tank_war/p_vga.runs/synth_2

launch_runs synth_2 -jobs 12
[Wed May 18 19:56:46 2022] Launched synth_2...
Run output will be captured here: F:/10_Vivado/tank_war/p_vga.runs/synth_2/runme.log
reset_run synth_2
WARNING: [Vivado 12-1017] Problems encountered:
1. Failed to delete one or more files in run directory F:/10_Vivado/tank_war/p_vga.runs/synth_2

launch_runs impl_2 -to_step write_bitstream -jobs 12
[Wed May 18 20:11:05 2022] Launched synth_2...
Run output will be captured here: F:/10_Vivado/tank_war/p_vga.runs/synth_2/runme.log
[Wed May 18 20:11:05 2022] Launched impl_2...
Run output will be captured here: F:/10_Vivado/tank_war/p_vga.runs/impl_2/runme.log
reset_run synth_2
WARNING: [Vivado 12-1017] Problems encountered:
1. Failed to delete one or more files in run directory F:/10_Vivado/tank_war/p_vga.runs/synth_2

launch_runs impl_2 -to_step write_bitstream -jobs 12
[Wed May 18 20:12:29 2022] Launched synth_2...
Run output will be captured here: F:/10_Vivado/tank_war/p_vga.runs/synth_2/runme.log
[Wed May 18 20:12:29 2022] Launched impl_2...
Run output will be captured here: F:/10_Vivado/tank_war/p_vga.runs/impl_2/runme.log
reset_run synth_2
WARNING: [Vivado 12-1017] Problems encountered:
1. Failed to delete one or more files in run directory F:/10_Vivado/tank_war/p_vga.runs/synth_2

launch_runs impl_2 -to_step write_bitstream -jobs 12
[Wed May 18 20:13:08 2022] Launched synth_2...
Run output will be captured here: F:/10_Vivado/tank_war/p_vga.runs/synth_2/runme.log
[Wed May 18 20:13:08 2022] Launched impl_2...
Run output will be captured here: F:/10_Vivado/tank_war/p_vga.runs/impl_2/runme.log
reset_run synth_2
INFO: [Project 1-1161] Replacing file F:/10_Vivado/p_vga_test/p_vga/p_vga.srcs/utils_1/imports/synth_2/v1.dcp with file F:/10_Vivado/tank_war/p_vga.runs/synth_2/v1.dcp
WARNING: [Vivado 12-1017] Problems encountered:
1. Failed to delete one or more files in run directory F:/10_Vivado/tank_war/p_vga.runs/synth_2

launch_runs impl_2 -to_step write_bitstream -jobs 12
[Wed May 18 20:15:34 2022] Launched synth_2...
Run output will be captured here: F:/10_Vivado/tank_war/p_vga.runs/synth_2/runme.log
[Wed May 18 20:15:34 2022] Launched impl_2...
Run output will be captured here: F:/10_Vivado/tank_war/p_vga.runs/impl_2/runme.log
set_property PROBES.FILE {} [get_hw_devices xc7a35t_0]
set_property FULL_PROBES.FILE {} [get_hw_devices xc7a35t_0]
set_property PROGRAM.FILE {F:/10_Vivado/tank_war/p_vga.runs/impl_2/v1.bit} [get_hw_devices xc7a35t_0]
program_hw_devices [get_hw_devices xc7a35t_0]
INFO: [Labtools 27-3164] End of startup status: HIGH
refresh_hw_device [lindex [get_hw_devices xc7a35t_0] 0]
INFO: [Labtools 27-1434] Device xc7a35t (JTAG device index = 0) is programmed with a design that has no supported debug core(s) in it.
reset_run synth_2
INFO: [Project 1-1161] Replacing file F:/10_Vivado/p_vga_test/p_vga/p_vga.srcs/utils_1/imports/synth_2/v1.dcp with file F:/10_Vivado/tank_war/p_vga.runs/synth_2/v1.dcp
WARNING: [Vivado 12-1017] Problems encountered:
1. Failed to delete one or more files in run directory F:/10_Vivado/tank_war/p_vga.runs/synth_2

launch_runs impl_2 -to_step write_bitstream -jobs 12
[Wed May 18 20:20:08 2022] Launched synth_2...
Run output will be captured here: F:/10_Vivado/tank_war/p_vga.runs/synth_2/runme.log
[Wed May 18 20:20:08 2022] Launched impl_2...
Run output will be captured here: F:/10_Vivado/tank_war/p_vga.runs/impl_2/runme.log
set_property PROBES.FILE {} [get_hw_devices xc7a35t_0]
set_property FULL_PROBES.FILE {} [get_hw_devices xc7a35t_0]
set_property PROGRAM.FILE {F:/10_Vivado/tank_war/p_vga.runs/impl_2/v1.bit} [get_hw_devices xc7a35t_0]
program_hw_devices [get_hw_devices xc7a35t_0]
INFO: [Labtools 27-3164] End of startup status: HIGH
refresh_hw_device [lindex [get_hw_devices xc7a35t_0] 0]
INFO: [Labtools 27-1434] Device xc7a35t (JTAG device index = 0) is programmed with a design that has no supported debug core(s) in it.
reset_run synth_2
INFO: [Project 1-1161] Replacing file F:/10_Vivado/p_vga_test/p_vga/p_vga.srcs/utils_1/imports/synth_2/v1.dcp with file F:/10_Vivado/tank_war/p_vga.runs/synth_2/v1.dcp
WARNING: [Vivado 12-1017] Problems encountered:
1. Failed to delete one or more files in run directory F:/10_Vivado/tank_war/p_vga.runs/synth_2

launch_runs impl_2 -to_step write_bitstream -jobs 12
[Wed May 18 20:23:54 2022] Launched synth_2...
Run output will be captured here: F:/10_Vivado/tank_war/p_vga.runs/synth_2/runme.log
[Wed May 18 20:23:54 2022] Launched impl_2...
Run output will be captured here: F:/10_Vivado/tank_war/p_vga.runs/impl_2/runme.log
set_property PROBES.FILE {} [get_hw_devices xc7a35t_0]
set_property FULL_PROBES.FILE {} [get_hw_devices xc7a35t_0]
set_property PROGRAM.FILE {F:/10_Vivado/tank_war/p_vga.runs/impl_2/v1.bit} [get_hw_devices xc7a35t_0]
program_hw_devices [get_hw_devices xc7a35t_0]
INFO: [Labtools 27-3164] End of startup status: HIGH
refresh_hw_device [lindex [get_hw_devices xc7a35t_0] 0]
INFO: [Labtools 27-1434] Device xc7a35t (JTAG device index = 0) is programmed with a design that has no supported debug core(s) in it.
reset_run synth_2
INFO: [Project 1-1161] Replacing file F:/10_Vivado/p_vga_test/p_vga/p_vga.srcs/utils_1/imports/synth_2/v1.dcp with file F:/10_Vivado/tank_war/p_vga.runs/synth_2/v1.dcp
WARNING: [Vivado 12-1017] Problems encountered:
1. Failed to delete one or more files in run directory F:/10_Vivado/tank_war/p_vga.runs/synth_2

launch_runs impl_2 -to_step write_bitstream -jobs 12
[Wed May 18 20:28:26 2022] Launched synth_2...
Run output will be captured here: F:/10_Vivado/tank_war/p_vga.runs/synth_2/runme.log
[Wed May 18 20:28:26 2022] Launched impl_2...
Run output will be captured here: F:/10_Vivado/tank_war/p_vga.runs/impl_2/runme.log
set_property PROBES.FILE {} [get_hw_devices xc7a35t_0]
set_property FULL_PROBES.FILE {} [get_hw_devices xc7a35t_0]
set_property PROGRAM.FILE {F:/10_Vivado/tank_war/p_vga.runs/impl_2/v1.bit} [get_hw_devices xc7a35t_0]
program_hw_devices [get_hw_devices xc7a35t_0]
INFO: [Labtools 27-3164] End of startup status: HIGH
refresh_hw_device [lindex [get_hw_devices xc7a35t_0] 0]
INFO: [Labtools 27-1434] Device xc7a35t (JTAG device index = 0) is programmed with a design that has no supported debug core(s) in it.
set_property PROBES.FILE {} [get_hw_devices xc7a35t_0]
set_property FULL_PROBES.FILE {} [get_hw_devices xc7a35t_0]
set_property PROGRAM.FILE {F:/10_Vivado/tank_war/p_vga.runs/impl_2/v1.bit} [get_hw_devices xc7a35t_0]
program_hw_devices [get_hw_devices xc7a35t_0]
INFO: [Labtools 27-3164] End of startup status: HIGH
refresh_hw_device [lindex [get_hw_devices xc7a35t_0] 0]
INFO: [Labtools 27-1434] Device xc7a35t (JTAG device index = 0) is programmed with a design that has no supported debug core(s) in it.
reset_run synth_2
INFO: [Project 1-1161] Replacing file F:/10_Vivado/p_vga_test/p_vga/p_vga.srcs/utils_1/imports/synth_2/v1.dcp with file F:/10_Vivado/tank_war/p_vga.runs/synth_2/v1.dcp
WARNING: [Vivado 12-1017] Problems encountered:
1. Failed to delete one or more files in run directory F:/10_Vivado/tank_war/p_vga.runs/synth_2

launch_runs impl_2 -to_step write_bitstream -jobs 12
[Wed May 18 20:49:30 2022] Launched synth_2...
Run output will be captured here: F:/10_Vivado/tank_war/p_vga.runs/synth_2/runme.log
[Wed May 18 20:49:30 2022] Launched impl_2...
Run output will be captured here: F:/10_Vivado/tank_war/p_vga.runs/impl_2/runme.log
set_property PROBES.FILE {} [get_hw_devices xc7a35t_0]
set_property FULL_PROBES.FILE {} [get_hw_devices xc7a35t_0]
set_property PROGRAM.FILE {F:/10_Vivado/tank_war/p_vga.runs/impl_2/v1.bit} [get_hw_devices xc7a35t_0]
program_hw_devices [get_hw_devices xc7a35t_0]
INFO: [Labtools 27-3164] End of startup status: HIGH
refresh_hw_device [lindex [get_hw_devices xc7a35t_0] 0]
INFO: [Labtools 27-1434] Device xc7a35t (JTAG device index = 0) is programmed with a design that has no supported debug core(s) in it.
reset_run synth_2
INFO: [Project 1-1161] Replacing file F:/10_Vivado/p_vga_test/p_vga/p_vga.srcs/utils_1/imports/synth_2/v1.dcp with file F:/10_Vivado/tank_war/p_vga.runs/synth_2/v1.dcp
WARNING: [Vivado 12-1017] Problems encountered:
1. Failed to delete one or more files in run directory F:/10_Vivado/tank_war/p_vga.runs/synth_2

launch_runs impl_2 -to_step write_bitstream -jobs 12
[Wed May 18 21:00:11 2022] Launched synth_2...
Run output will be captured here: F:/10_Vivado/tank_war/p_vga.runs/synth_2/runme.log
[Wed May 18 21:00:11 2022] Launched impl_2...
Run output will be captured here: F:/10_Vivado/tank_war/p_vga.runs/impl_2/runme.log
set_property PROBES.FILE {} [get_hw_devices xc7a35t_0]
set_property FULL_PROBES.FILE {} [get_hw_devices xc7a35t_0]
set_property PROGRAM.FILE {F:/10_Vivado/tank_war/p_vga.runs/impl_2/v1.bit} [get_hw_devices xc7a35t_0]
program_hw_devices [get_hw_devices xc7a35t_0]
INFO: [Labtools 27-3164] End of startup status: HIGH
refresh_hw_device [lindex [get_hw_devices xc7a35t_0] 0]
INFO: [Labtools 27-1434] Device xc7a35t (JTAG device index = 0) is programmed with a design that has no supported debug core(s) in it.
reset_run synth_2
INFO: [Project 1-1161] Replacing file F:/10_Vivado/p_vga_test/p_vga/p_vga.srcs/utils_1/imports/synth_2/v1.dcp with file F:/10_Vivado/tank_war/p_vga.runs/synth_2/v1.dcp
WARNING: [Vivado 12-1017] Problems encountered:
1. Failed to delete one or more files in run directory F:/10_Vivado/tank_war/p_vga.runs/synth_2

launch_runs impl_2 -to_step write_bitstream -jobs 12
[Wed May 18 21:05:07 2022] Launched synth_2...
Run output will be captured here: F:/10_Vivado/tank_war/p_vga.runs/synth_2/runme.log
[Wed May 18 21:05:07 2022] Launched impl_2...
Run output will be captured here: F:/10_Vivado/tank_war/p_vga.runs/impl_2/runme.log
set_property PROBES.FILE {} [get_hw_devices xc7a35t_0]
set_property FULL_PROBES.FILE {} [get_hw_devices xc7a35t_0]
set_property PROGRAM.FILE {F:/10_Vivado/tank_war/p_vga.runs/impl_2/v1.bit} [get_hw_devices xc7a35t_0]
program_hw_devices [get_hw_devices xc7a35t_0]
INFO: [Labtools 27-3164] End of startup status: HIGH
refresh_hw_device [lindex [get_hw_devices xc7a35t_0] 0]
INFO: [Labtools 27-1434] Device xc7a35t (JTAG device index = 0) is programmed with a design that has no supported debug core(s) in it.
set_property PROBES.FILE {} [get_hw_devices xc7a35t_0]
set_property FULL_PROBES.FILE {} [get_hw_devices xc7a35t_0]
set_property PROGRAM.FILE {F:/10_Vivado/tank_war/p_vga.runs/impl_2/v1.bit} [get_hw_devices xc7a35t_0]
program_hw_devices [get_hw_devices xc7a35t_0]
INFO: [Labtools 27-3164] End of startup status: HIGH
refresh_hw_device [lindex [get_hw_devices xc7a35t_0] 0]
INFO: [Labtools 27-1434] Device xc7a35t (JTAG device index = 0) is programmed with a design that has no supported debug core(s) in it.
reset_run synth_2
INFO: [Project 1-1161] Replacing file F:/10_Vivado/p_vga_test/p_vga/p_vga.srcs/utils_1/imports/synth_2/v1.dcp with file F:/10_Vivado/tank_war/p_vga.runs/synth_2/v1.dcp
WARNING: [Vivado 12-1017] Problems encountered:
1. Failed to delete one or more files in run directory F:/10_Vivado/tank_war/p_vga.runs/synth_2

launch_runs impl_2 -to_step write_bitstream -jobs 12
[Wed May 18 21:13:15 2022] Launched synth_2...
Run output will be captured here: F:/10_Vivado/tank_war/p_vga.runs/synth_2/runme.log
[Wed May 18 21:13:15 2022] Launched impl_2...
Run output will be captured here: F:/10_Vivado/tank_war/p_vga.runs/impl_2/runme.log
set_property PROBES.FILE {} [get_hw_devices xc7a35t_0]
set_property FULL_PROBES.FILE {} [get_hw_devices xc7a35t_0]
set_property PROGRAM.FILE {F:/10_Vivado/tank_war/p_vga.runs/impl_2/v1.bit} [get_hw_devices xc7a35t_0]
program_hw_devices [get_hw_devices xc7a35t_0]
INFO: [Labtools 27-3164] End of startup status: HIGH
refresh_hw_device [lindex [get_hw_devices xc7a35t_0] 0]
INFO: [Labtools 27-1434] Device xc7a35t (JTAG device index = 0) is programmed with a design that has no supported debug core(s) in it.
reset_run synth_2
INFO: [Project 1-1161] Replacing file F:/10_Vivado/p_vga_test/p_vga/p_vga.srcs/utils_1/imports/synth_2/v1.dcp with file F:/10_Vivado/tank_war/p_vga.runs/synth_2/v1.dcp
WARNING: [Vivado 12-1017] Problems encountered:
1. Failed to delete one or more files in run directory F:/10_Vivado/tank_war/p_vga.runs/synth_2

launch_runs impl_2 -to_step write_bitstream -jobs 12
[Wed May 18 21:21:33 2022] Launched synth_2...
Run output will be captured here: F:/10_Vivado/tank_war/p_vga.runs/synth_2/runme.log
[Wed May 18 21:21:33 2022] Launched impl_2...
Run output will be captured here: F:/10_Vivado/tank_war/p_vga.runs/impl_2/runme.log
set_property PROBES.FILE {} [get_hw_devices xc7a35t_0]
set_property FULL_PROBES.FILE {} [get_hw_devices xc7a35t_0]
set_property PROGRAM.FILE {F:/10_Vivado/tank_war/p_vga.runs/impl_2/v1.bit} [get_hw_devices xc7a35t_0]
program_hw_devices [get_hw_devices xc7a35t_0]
INFO: [Labtools 27-3164] End of startup status: HIGH
refresh_hw_device [lindex [get_hw_devices xc7a35t_0] 0]
INFO: [Labtools 27-1434] Device xc7a35t (JTAG device index = 0) is programmed with a design that has no supported debug core(s) in it.
set_property PROBES.FILE {} [get_hw_devices xc7a35t_0]
set_property FULL_PROBES.FILE {} [get_hw_devices xc7a35t_0]
set_property PROGRAM.FILE {F:/10_Vivado/tank_war/p_vga.runs/impl_2/v1.bit} [get_hw_devices xc7a35t_0]
program_hw_devices [get_hw_devices xc7a35t_0]
INFO: [Labtools 27-3164] End of startup status: HIGH
refresh_hw_device [lindex [get_hw_devices xc7a35t_0] 0]
INFO: [Labtools 27-1434] Device xc7a35t (JTAG device index = 0) is programmed with a design that has no supported debug core(s) in it.
set_property PROBES.FILE {} [get_hw_devices xc7a35t_0]
set_property FULL_PROBES.FILE {} [get_hw_devices xc7a35t_0]
set_property PROGRAM.FILE {F:/10_Vivado/tank_war/p_vga.runs/impl_2/v1.bit} [get_hw_devices xc7a35t_0]
program_hw_devices [get_hw_devices xc7a35t_0]
INFO: [Labtools 27-3164] End of startup status: HIGH
refresh_hw_device [lindex [get_hw_devices xc7a35t_0] 0]
INFO: [Labtools 27-1434] Device xc7a35t (JTAG device index = 0) is programmed with a design that has no supported debug core(s) in it.
set_property PROBES.FILE {} [get_hw_devices xc7a35t_0]
set_property FULL_PROBES.FILE {} [get_hw_devices xc7a35t_0]
set_property PROGRAM.FILE {F:/10_Vivado/tank_war/p_vga.runs/impl_2/v1.bit} [get_hw_devices xc7a35t_0]
program_hw_devices [get_hw_devices xc7a35t_0]
INFO: [Labtools 27-3164] End of startup status: HIGH
refresh_hw_device [lindex [get_hw_devices xc7a35t_0] 0]
INFO: [Labtools 27-1434] Device xc7a35t (JTAG device index = 0) is programmed with a design that has no supported debug core(s) in it.
set_property PROBES.FILE {} [get_hw_devices xc7a35t_0]
set_property FULL_PROBES.FILE {} [get_hw_devices xc7a35t_0]
set_property PROGRAM.FILE {F:/10_Vivado/tank_war/p_vga.runs/impl_2/v1.bit} [get_hw_devices xc7a35t_0]
program_hw_devices [get_hw_devices xc7a35t_0]
INFO: [Labtools 27-3164] End of startup status: HIGH
refresh_hw_device [lindex [get_hw_devices xc7a35t_0] 0]
INFO: [Labtools 27-1434] Device xc7a35t (JTAG device index = 0) is programmed with a design that has no supported debug core(s) in it.
set_property PROBES.FILE {} [get_hw_devices xc7a35t_0]
set_property FULL_PROBES.FILE {} [get_hw_devices xc7a35t_0]
set_property PROGRAM.FILE {F:/10_Vivado/tank_war/p_vga.runs/impl_2/v1.bit} [get_hw_devices xc7a35t_0]
program_hw_devices [get_hw_devices xc7a35t_0]
INFO: [Labtools 27-3164] End of startup status: HIGH
refresh_hw_device [lindex [get_hw_devices xc7a35t_0] 0]
INFO: [Labtools 27-1434] Device xc7a35t (JTAG device index = 0) is programmed with a design that has no supported debug core(s) in it.
set_property PROBES.FILE {} [get_hw_devices xc7a35t_0]
set_property FULL_PROBES.FILE {} [get_hw_devices xc7a35t_0]
set_property PROGRAM.FILE {F:/10_Vivado/tank_war/p_vga.runs/impl_2/v1.bit} [get_hw_devices xc7a35t_0]
program_hw_devices [get_hw_devices xc7a35t_0]
INFO: [Labtools 27-3164] End of startup status: HIGH
refresh_hw_device [lindex [get_hw_devices xc7a35t_0] 0]
INFO: [Labtools 27-1434] Device xc7a35t (JTAG device index = 0) is programmed with a design that has no supported debug core(s) in it.
set_property PROBES.FILE {} [get_hw_devices xc7a35t_0]
set_property FULL_PROBES.FILE {} [get_hw_devices xc7a35t_0]
set_property PROGRAM.FILE {F:/10_Vivado/tank_war/p_vga.runs/impl_2/v1.bit} [get_hw_devices xc7a35t_0]
program_hw_devices [get_hw_devices xc7a35t_0]
INFO: [Labtools 27-3164] End of startup status: HIGH
refresh_hw_device [lindex [get_hw_devices xc7a35t_0] 0]
INFO: [Labtools 27-1434] Device xc7a35t (JTAG device index = 0) is programmed with a design that has no supported debug core(s) in it.
set_property PROBES.FILE {} [get_hw_devices xc7a35t_0]
set_property FULL_PROBES.FILE {} [get_hw_devices xc7a35t_0]
set_property PROGRAM.FILE {F:/10_Vivado/tank_war/p_vga.runs/impl_2/v1.bit} [get_hw_devices xc7a35t_0]
program_hw_devices [get_hw_devices xc7a35t_0]
INFO: [Labtools 27-3164] End of startup status: HIGH
refresh_hw_device [lindex [get_hw_devices xc7a35t_0] 0]
INFO: [Labtools 27-1434] Device xc7a35t (JTAG device index = 0) is programmed with a design that has no supported debug core(s) in it.
set_property PROBES.FILE {} [get_hw_devices xc7a35t_0]
set_property FULL_PROBES.FILE {} [get_hw_devices xc7a35t_0]
set_property PROGRAM.FILE {F:/10_Vivado/tank_war/p_vga.runs/impl_2/v1.bit} [get_hw_devices xc7a35t_0]
program_hw_devices [get_hw_devices xc7a35t_0]
INFO: [Labtools 27-3164] End of startup status: HIGH
refresh_hw_device [lindex [get_hw_devices xc7a35t_0] 0]
INFO: [Labtools 27-1434] Device xc7a35t (JTAG device index = 0) is programmed with a design that has no supported debug core(s) in it.
set_property PROBES.FILE {} [get_hw_devices xc7a35t_0]
set_property FULL_PROBES.FILE {} [get_hw_devices xc7a35t_0]
set_property PROGRAM.FILE {F:/10_Vivado/tank_war/p_vga.runs/impl_2/v1.bit} [get_hw_devices xc7a35t_0]
program_hw_devices [get_hw_devices xc7a35t_0]
INFO: [Labtools 27-3164] End of startup status: HIGH
refresh_hw_device [lindex [get_hw_devices xc7a35t_0] 0]
INFO: [Labtools 27-1434] Device xc7a35t (JTAG device index = 0) is programmed with a design that has no supported debug core(s) in it.
set_property PROBES.FILE {} [get_hw_devices xc7a35t_0]
set_property FULL_PROBES.FILE {} [get_hw_devices xc7a35t_0]
set_property PROGRAM.FILE {F:/10_Vivado/tank_war/p_vga.runs/impl_2/v1.bit} [get_hw_devices xc7a35t_0]
program_hw_devices [get_hw_devices xc7a35t_0]
INFO: [Labtools 27-3164] End of startup status: HIGH
refresh_hw_device [lindex [get_hw_devices xc7a35t_0] 0]
INFO: [Labtools 27-1434] Device xc7a35t (JTAG device index = 0) is programmed with a design that has no supported debug core(s) in it.
set_property PROBES.FILE {} [get_hw_devices xc7a35t_0]
set_property FULL_PROBES.FILE {} [get_hw_devices xc7a35t_0]
set_property PROGRAM.FILE {F:/10_Vivado/tank_war/p_vga.runs/impl_2/v1.bit} [get_hw_devices xc7a35t_0]
program_hw_devices [get_hw_devices xc7a35t_0]
INFO: [Labtools 27-3164] End of startup status: HIGH
refresh_hw_device [lindex [get_hw_devices xc7a35t_0] 0]
INFO: [Labtools 27-1434] Device xc7a35t (JTAG device index = 0) is programmed with a design that has no supported debug core(s) in it.
reset_run synth_2
INFO: [Project 1-1161] Replacing file F:/10_Vivado/p_vga_test/p_vga/p_vga.srcs/utils_1/imports/synth_2/v1.dcp with file F:/10_Vivado/tank_war/p_vga.runs/synth_2/v1.dcp
WARNING: [Vivado 12-1017] Problems encountered:
1. Failed to delete one or more files in run directory F:/10_Vivado/tank_war/p_vga.runs/synth_2

launch_runs impl_2 -to_step write_bitstream -jobs 12
[Wed May 18 21:28:29 2022] Launched synth_2...
Run output will be captured here: F:/10_Vivado/tank_war/p_vga.runs/synth_2/runme.log
[Wed May 18 21:28:29 2022] Launched impl_2...
Run output will be captured here: F:/10_Vivado/tank_war/p_vga.runs/impl_2/runme.log
set_property PROBES.FILE {} [get_hw_devices xc7a35t_0]
set_property FULL_PROBES.FILE {} [get_hw_devices xc7a35t_0]
set_property PROGRAM.FILE {F:/10_Vivado/tank_war/p_vga.runs/impl_2/v1.bit} [get_hw_devices xc7a35t_0]
program_hw_devices [get_hw_devices xc7a35t_0]
INFO: [Labtools 27-3164] End of startup status: HIGH
refresh_hw_device [lindex [get_hw_devices xc7a35t_0] 0]
INFO: [Labtools 27-1434] Device xc7a35t (JTAG device index = 0) is programmed with a design that has no supported debug core(s) in it.
reset_run synth_2
INFO: [Project 1-1161] Replacing file F:/10_Vivado/p_vga_test/p_vga/p_vga.srcs/utils_1/imports/synth_2/v1.dcp with file F:/10_Vivado/tank_war/p_vga.runs/synth_2/v1.dcp
WARNING: [Vivado 12-1017] Problems encountered:
1. Failed to delete one or more files in run directory F:/10_Vivado/tank_war/p_vga.runs/synth_2

launch_runs impl_2 -to_step write_bitstream -jobs 12
[Wed May 18 21:35:33 2022] Launched synth_2...
Run output will be captured here: F:/10_Vivado/tank_war/p_vga.runs/synth_2/runme.log
[Wed May 18 21:35:33 2022] Launched impl_2...
Run output will be captured here: F:/10_Vivado/tank_war/p_vga.runs/impl_2/runme.log
set_property PROBES.FILE {} [get_hw_devices xc7a35t_0]
set_property FULL_PROBES.FILE {} [get_hw_devices xc7a35t_0]
set_property PROGRAM.FILE {F:/10_Vivado/tank_war/p_vga.runs/impl_2/v1.bit} [get_hw_devices xc7a35t_0]
program_hw_devices [get_hw_devices xc7a35t_0]
INFO: [Labtools 27-3164] End of startup status: HIGH
refresh_hw_device [lindex [get_hw_devices xc7a35t_0] 0]
INFO: [Labtools 27-1434] Device xc7a35t (JTAG device index = 0) is programmed with a design that has no supported debug core(s) in it.
set_property PROBES.FILE {} [get_hw_devices xc7a35t_0]
set_property FULL_PROBES.FILE {} [get_hw_devices xc7a35t_0]
set_property PROGRAM.FILE {F:/10_Vivado/tank_war/p_vga.runs/impl_2/v1.bit} [get_hw_devices xc7a35t_0]
program_hw_devices [get_hw_devices xc7a35t_0]
INFO: [Labtools 27-3164] End of startup status: HIGH
refresh_hw_device [lindex [get_hw_devices xc7a35t_0] 0]
INFO: [Labtools 27-1434] Device xc7a35t (JTAG device index = 0) is programmed with a design that has no supported debug core(s) in it.
set_property PROBES.FILE {} [get_hw_devices xc7a35t_0]
set_property FULL_PROBES.FILE {} [get_hw_devices xc7a35t_0]
set_property PROGRAM.FILE {F:/10_Vivado/tank_war/p_vga.runs/impl_2/v1.bit} [get_hw_devices xc7a35t_0]
program_hw_devices [get_hw_devices xc7a35t_0]
INFO: [Labtools 27-3164] End of startup status: HIGH
refresh_hw_device [lindex [get_hw_devices xc7a35t_0] 0]
INFO: [Labtools 27-1434] Device xc7a35t (JTAG device index = 0) is programmed with a design that has no supported debug core(s) in it.
reset_run synth_2
INFO: [Project 1-1161] Replacing file F:/10_Vivado/p_vga_test/p_vga/p_vga.srcs/utils_1/imports/synth_2/v1.dcp with file F:/10_Vivado/tank_war/p_vga.runs/synth_2/v1.dcp
WARNING: [Vivado 12-1017] Problems encountered:
1. Failed to delete one or more files in run directory F:/10_Vivado/tank_war/p_vga.runs/synth_2

launch_runs impl_2 -to_step write_bitstream -jobs 12
[Wed May 18 21:44:35 2022] Launched synth_2...
Run output will be captured here: F:/10_Vivado/tank_war/p_vga.runs/synth_2/runme.log
[Wed May 18 21:44:35 2022] Launched impl_2...
Run output will be captured here: F:/10_Vivado/tank_war/p_vga.runs/impl_2/runme.log
set_property PROBES.FILE {} [get_hw_devices xc7a35t_0]
set_property FULL_PROBES.FILE {} [get_hw_devices xc7a35t_0]
set_property PROGRAM.FILE {F:/10_Vivado/tank_war/p_vga.runs/impl_2/v1.bit} [get_hw_devices xc7a35t_0]
program_hw_devices [get_hw_devices xc7a35t_0]
INFO: [Labtools 27-3164] End of startup status: HIGH
refresh_hw_device [lindex [get_hw_devices xc7a35t_0] 0]
INFO: [Labtools 27-1434] Device xc7a35t (JTAG device index = 0) is programmed with a design that has no supported debug core(s) in it.
ERROR: [Labtoolstcl 44-513] HW Target shutdown. Closing target: localhost:3121/xilinx_tcf/Xilinx/C1234567A
INFO: [Labtoolstcl 44-466] Opening hw_target localhost:3121/xilinx_tcf/Xilinx/C1234567A
INFO: [Labtools 27-1435] Device xc7a35t (JTAG device index = 0) is not programmed (DONE status = 0).
WARNING: [Labtoolstcl 44-129] No matching hw_ila_data was found.
set_property PROBES.FILE {} [get_hw_devices xc7a35t_0]
set_property FULL_PROBES.FILE {} [get_hw_devices xc7a35t_0]
set_property PROGRAM.FILE {F:/10_Vivado/tank_war/p_vga.runs/impl_2/v1.bit} [get_hw_devices xc7a35t_0]
program_hw_devices [get_hw_devices xc7a35t_0]
INFO: [Labtools 27-3164] End of startup status: HIGH
refresh_hw_device [lindex [get_hw_devices xc7a35t_0] 0]
INFO: [Labtools 27-1434] Device xc7a35t (JTAG device index = 0) is programmed with a design that has no supported debug core(s) in it.
reset_run synth_2
INFO: [Project 1-1161] Replacing file F:/10_Vivado/p_vga_test/p_vga/p_vga.srcs/utils_1/imports/synth_2/v1.dcp with file F:/10_Vivado/tank_war/p_vga.runs/synth_2/v1.dcp
WARNING: [Vivado 12-1017] Problems encountered:
1. Failed to delete one or more files in run directory F:/10_Vivado/tank_war/p_vga.runs/synth_2

launch_runs impl_2 -to_step write_bitstream -jobs 12
[Wed May 18 21:49:06 2022] Launched synth_2...
Run output will be captured here: F:/10_Vivado/tank_war/p_vga.runs/synth_2/runme.log
[Wed May 18 21:49:06 2022] Launched impl_2...
Run output will be captured here: F:/10_Vivado/tank_war/p_vga.runs/impl_2/runme.log
set_property PROBES.FILE {} [get_hw_devices xc7a35t_0]
set_property FULL_PROBES.FILE {} [get_hw_devices xc7a35t_0]
set_property PROGRAM.FILE {F:/10_Vivado/tank_war/p_vga.runs/impl_2/v1.bit} [get_hw_devices xc7a35t_0]
program_hw_devices [get_hw_devices xc7a35t_0]
INFO: [Labtools 27-3164] End of startup status: HIGH
refresh_hw_device [lindex [get_hw_devices xc7a35t_0] 0]
INFO: [Labtools 27-1434] Device xc7a35t (JTAG device index = 0) is programmed with a design that has no supported debug core(s) in it.
set_property PROGRAM.ADDRESS_RANGE  {use_file} [ get_property PROGRAM.HW_CFGMEM [lindex [get_hw_devices xc7a35t_0] 0]]
set_property PROGRAM.FILES [list "F:/10_Vivado/tank_war/p_vga.runs/impl_2/v1.bin" ] [ get_property PROGRAM.HW_CFGMEM [lindex [get_hw_devices xc7a35t_0] 0]]
set_property PROGRAM.PRM_FILE {} [ get_property PROGRAM.HW_CFGMEM [lindex [get_hw_devices xc7a35t_0] 0]]
set_property PROGRAM.UNUSED_PIN_TERMINATION {pull-none} [ get_property PROGRAM.HW_CFGMEM [lindex [get_hw_devices xc7a35t_0] 0]]
set_property PROGRAM.BLANK_CHECK  0 [ get_property PROGRAM.HW_CFGMEM [lindex [get_hw_devices xc7a35t_0] 0]]
set_property PROGRAM.ERASE  1 [ get_property PROGRAM.HW_CFGMEM [lindex [get_hw_devices xc7a35t_0] 0]]
set_property PROGRAM.CFG_PROGRAM  1 [ get_property PROGRAM.HW_CFGMEM [lindex [get_hw_devices xc7a35t_0] 0]]
set_property PROGRAM.VERIFY  1 [ get_property PROGRAM.HW_CFGMEM [lindex [get_hw_devices xc7a35t_0] 0]]
set_property PROGRAM.CHECKSUM  0 [ get_property PROGRAM.HW_CFGMEM [lindex [get_hw_devices xc7a35t_0] 0]]
startgroup 
create_hw_bitstream -hw_device [lindex [get_hw_devices xc7a35t_0] 0] [get_property PROGRAM.HW_CFGMEM_BITFILE [ lindex [get_hw_devices xc7a35t_0] 0]]; program_hw_devices [lindex [get_hw_devices xc7a35t_0] 0]; refresh_hw_device [lindex [get_hw_devices xc7a35t_0] 0];
INFO: [Labtools 27-3164] End of startup status: HIGH
INFO: [Labtools 27-2302] Device xc7a35t (JTAG device index = 0) is programmed with a design that has 1 SPI core(s).
program_hw_cfgmem -hw_cfgmem [ get_property PROGRAM.HW_CFGMEM [lindex [get_hw_devices xc7a35t_0] 0]]
Mfg ID : 20   Memory Type : ba   Memory Capacity : 16   Device ID 1 : 0   Device ID 2 : 0
Performing Erase Operation...
Erase Operation successful.
Performing Program and Verify Operations...
Program/Verify Operation successful.
INFO: [Labtoolstcl 44-377] Flash programming completed successfully
program_hw_cfgmem: Time (s): cpu = 00:00:02 ; elapsed = 00:01:11 . Memory (MB): peak = 3175.176 ; gain = 6.211
endgroup
ERROR: [Labtoolstcl 44-513] HW Target shutdown. Closing target: localhost:3121/xilinx_tcf/Xilinx/C1234567A
exit
INFO: [Common 17-206] Exiting Vivado at Thu May 19 00:03:39 2022...
