Vivado Simulator v2021.2
Copyright 1986-1999, 2001-2021 Xilinx, Inc. All Rights Reserved.
Running: E:/Xilinx/Vivado/2021.2/bin/unwrapped/win64.o/xelab.exe --incr --debug typical --relax --mt 2 --maxdelay -L xil_defaultlib -L simprims_ver -L secureip --snapshot sim1_time_synth -transport_int_delays -pulse_r 0 -pulse_int_r 0 -pulse_e 0 -pulse_int_e 0 xil_defaultlib.sim1 xil_defaultlib.glbl -log elaborate.log 
Using 2 slave threads.
Starting static elaboration
Pass Through NonSizing Optimizer
WARNING: [VRFC 10-3091] actual bit length 1 differs from formal bit length 12 for port 'sw' [F:/10_Vivado/tank_war/p_vga.srcs/sim_1/new/sim1.v:36]
WARNING: [VRFC 10-3091] actual bit length 1 differs from formal bit length 4 for port 'col' [F:/10_Vivado/tank_war/p_vga.srcs/sim_1/new/sim1.v:37]
WARNING: [VRFC 10-3091] actual bit length 1 differs from formal bit length 4 for port 'row' [F:/10_Vivado/tank_war/p_vga.srcs/sim_1/new/sim1.v:38]
WARNING: [VRFC 10-3091] actual bit length 1 differs from formal bit length 12 for port 'led' [F:/10_Vivado/tank_war/p_vga.srcs/sim_1/new/sim1.v:39]
WARNING: [VRFC 10-3091] actual bit length 1 differs from formal bit length 6 for port 'dig' [F:/10_Vivado/tank_war/p_vga.srcs/sim_1/new/sim1.v:40]
WARNING: [VRFC 10-3091] actual bit length 1 differs from formal bit length 8 for port 'seg' [F:/10_Vivado/tank_war/p_vga.srcs/sim_1/new/sim1.v:41]
Completed static elaboration
Starting simulation data flow analysis
Completed simulation data flow analysis
INFO: [XSIM 43-3451] SDF backannotation process started with SDF file "sim1_time_synth.sdf", for root module "sim1/tt".
INFO: [XSIM 43-3452] SDF backannotation was successful for SDF file "sim1_time_synth.sdf", for root module "sim1/tt".
Time Resolution for simulation is 1ps
Compiling module simprims_ver.PULLDOWN
Compiling module simprims_ver.BUFG
Compiling module simprims_ver.MMCME2_ADV(CLKFBOUT_MULT_F=37.12...
Compiling module xil_defaultlib.clk_wiz_0_clk_wiz
Compiling module xil_defaultlib.clk_wiz_0
Compiling module simprims_ver.x_lut2_mux4
Compiling module simprims_ver.LUT2
Compiling module simprims_ver.x_lut1_mux2
Compiling module simprims_ver.LUT1
Compiling module simprims_ver.LUT5
Compiling module simprims_ver.x_lut3_mux8
Compiling module simprims_ver.LUT3
Compiling module simprims_ver.CARRY4
Compiling module simprims_ver.LUT4
Compiling module simprims_ver.IBUF
Compiling module simprims_ver.LUT6
Compiling module simprims_ver.FDRE_default
Compiling module xil_defaultlib.u_clock
Compiling module simprims_ver.OBUF
Compiling module simprims_ver.GND
Compiling module simprims_ver.RB36_INTERNAL_VLOG(DOA_REG=1,RDA...
Compiling module simprims_ver.RAMB36E1(DOA_REG=1,INITP_00=256'...
Compiling module simprims_ver.RB18_INTERNAL_VLOG(DOA_REG=1,RDA...
Compiling module simprims_ver.RAMB18E1(DOA_REG=1,RDADDR_COLLIS...
Compiling module simprims_ver.RB36_INTERNAL_VLOG(DOA_REG=1,RDA...
Compiling module simprims_ver.RAMB36E1(DOA_REG=1,INIT_00=256'b...
Compiling module xil_defaultlib.blk_mem_gen_01_HD48
Compiling module simprims_ver.FDSE_default
Compiling module xil_defaultlib.vga_display__xdcDup__1
Compiling module simprims_ver.RB18_INTERNAL_VLOG(DOA_REG=1,RDA...
Compiling module simprims_ver.RAMB18E1(DOA_REG=1,INIT_00=256'b...
Compiling module xil_defaultlib.blk_mem_gen_02
Compiling module simprims_ver.DSP48E1(ACASCREG=0,ADREG=0,ALUMO...
Compiling module xil_defaultlib.VGA_others
Compiling module xil_defaultlib.VGA_data_selector
Compiling module xil_defaultlib.shell
Compiling module simprims_ver.MUXF7
Compiling module xil_defaultlib.keyboard_control__parameterized0
Compiling module xil_defaultlib.blk_mem_gen_01
Compiling module xil_defaultlib.vga_display
Compiling module xil_defaultlib.blk_mem_gen_02_HD62
Compiling module xil_defaultlib.VGA_others__parameterized0
Compiling module simprims_ver.latchsre_ldce
Compiling module simprims_ver.LDCE
Compiling module xil_defaultlib.dynamic_led
Compiling module xil_defaultlib.key_xd
Compiling module xil_defaultlib.vga_driver
Compiling module xil_defaultlib.shell_0
Compiling module xil_defaultlib.keyboard_control
Compiling module xil_defaultlib.v1
Compiling module xil_defaultlib.sim1
Compiling module xil_defaultlib.glbl
Built simulation snapshot sim1_time_synth
